{
  "stats": {
    "suites": 22,
    "tests": 31,
    "passes": 8,
    "pending": 0,
    "failures": 16,
    "testsRegistered": 31,
    "passPercent": 25.806451612903224,
    "pendingPercent": 0,
    "other": 0,
    "hasOther": false,
    "skipped": 7,
    "hasSkipped": true,
    "start": "2023-08-25T15:04:18.256Z",
    "end": "2023-08-25T15:10:32.886Z",
    "duration": 374630
  },
  "results": [
    {
      "uuid": "df34e273-e010-4da3-bc56-c7ccab88037c",
      "title": "",
      "fullFile": "cypress/e2e/automation-test-store/add-multiple-items-to-basket.js",
      "file": "cypress/e2e/automation-test-store/add-multiple-items-to-basket.js",
      "beforeHooks": [],
      "afterHooks": [],
      "tests": [],
      "suites": [
        {
          "uuid": "5bfb8614-63d9-4ddf-9ded-57cfc90dd11f",
          "title": "Add multiple items to basket",
          "fullFile": "",
          "file": "",
          "beforeHooks": [],
          "afterHooks": [],
          "tests": [
            {
              "title": "Add specific product to basket-1",
              "fullTitle": "Add multiple items to basket Add specific product to basket-1",
              "timedOut": null,
              "duration": 9161,
              "state": "passed",
              "speed": "medium",
              "pass": true,
              "fail": false,
              "pending": false,
              "context": null,
              "code": "globalThis.data.productName.forEach(element => {\n  cy.addProductToBasket(element);\n});\ncy.get(\".dropdown-toggle > .fa\").click();",
              "err": {},
              "uuid": "c8ff27f7-78a5-4848-b71e-3dc7da9de9d2",
              "parentUUID": "5bfb8614-63d9-4ddf-9ded-57cfc90dd11f",
              "isHook": false,
              "skipped": false
            }
          ],
          "suites": [],
          "passes": [
            "c8ff27f7-78a5-4848-b71e-3dc7da9de9d2"
          ],
          "failures": [],
          "pending": [],
          "skipped": [],
          "duration": 9161,
          "root": false,
          "rootEmpty": false,
          "_timeout": 2000
        }
      ],
      "passes": [],
      "failures": [],
      "pending": [],
      "skipped": [],
      "duration": 0,
      "root": true,
      "rootEmpty": true,
      "_timeout": 2000
    },
    {
      "uuid": "74e66a6b-4e54-4fdc-82bb-0b8a6ea47d50",
      "title": "",
      "fullFile": "cypress/e2e/automation-test-store/alias-invoke-assignment.js",
      "file": "cypress/e2e/automation-test-store/alias-invoke-assignment.js",
      "beforeHooks": [],
      "afterHooks": [],
      "tests": [],
      "suites": [
        {
          "uuid": "ec941566-4803-4306-9e92-b91f024f6134",
          "title": "Alias and invoke",
          "fullFile": "",
          "file": "",
          "beforeHooks": [],
          "afterHooks": [],
          "tests": [
            {
              "title": "Calculate the total of normal and sale products)",
              "fullTitle": "Alias and invoke Calculate the total of normal and sale products)",
              "timedOut": null,
              "duration": 4446,
              "state": "passed",
              "speed": "fast",
              "pass": true,
              "fail": false,
              "pending": false,
              "context": null,
              "code": "cy.visit(\"https://automationteststore.com/\");\ncy.get(\".thumbnails .thumbnail\").as(\"productthumbnail\");\n// cy.get(\"@productthumbnail\")\n//   .find(\".oneprice\")\n//   .each(($el, index, $list) => {\n//     cy.log($el.text());\n//   });\ncy.get(\"@productthumbnail\").find(\".oneprice\").invoke(\"text\").as(\"itemPrice\");\ncy.get(\"@productthumbnail\").find(\".pricenew\").invoke(\"text\").as(\"salePrice\");\nvar itemsTotal = 0;\ncy.get(\"@salePrice\").then($linkText => {\n  var salePriceArray = $linkText.split(\"$\");\n  var salePriceTotal = 0;\n  for (var i = 0; i < salePriceArray.length; i++) {\n    salePriceTotal += Number(salePriceArray[i]);\n  }\n  itemsTotal += salePriceTotal;\n  cy.log(\"Sales Price Total: \" + salePriceTotal);\n});\ncy.get(\"@itemPrice\").then($linkText => {\n  var itemPriceArray = $linkText.split(\"$\");\n  var i;\n  var itemPriceTotal = 0;\n  for (i = 0; i < itemPriceArray.length; i++) {\n    itemPriceTotal += Number(itemPriceArray[i]);\n  }\n  itemsTotal += itemPriceTotal;\n  cy.log(\"Non-sales item Price Total: \" + itemPriceTotal);\n}).then(() => {\n  cy.log(\"Total Price of all products is : \" + itemsTotal);\n  expect(itemsTotal).to.equal(660.5);\n});",
              "err": {},
              "uuid": "5997723f-9a18-4163-916e-ed45441b18c2",
              "parentUUID": "ec941566-4803-4306-9e92-b91f024f6134",
              "isHook": false,
              "skipped": false
            }
          ],
          "suites": [],
          "passes": [
            "5997723f-9a18-4163-916e-ed45441b18c2"
          ],
          "failures": [],
          "pending": [],
          "skipped": [],
          "duration": 4446,
          "root": false,
          "rootEmpty": false,
          "_timeout": 2000
        }
      ],
      "passes": [],
      "failures": [],
      "pending": [],
      "skipped": [],
      "duration": 0,
      "root": true,
      "rootEmpty": true,
      "_timeout": 2000
    },
    {
      "uuid": "2b7e09ee-2359-485d-95d3-8dd04dad84a7",
      "title": "",
      "fullFile": "cypress/e2e/automation-test-store/alias-invoke.js",
      "file": "cypress/e2e/automation-test-store/alias-invoke.js",
      "beforeHooks": [],
      "afterHooks": [],
      "tests": [],
      "suites": [
        {
          "uuid": "8006f7ec-ade9-4e36-bbdc-df83855d8e46",
          "title": "Alias and invoke",
          "fullFile": "",
          "file": "",
          "beforeHooks": [],
          "afterHooks": [],
          "tests": [
            {
              "title": "count thumbail and validate cart",
              "fullTitle": "Alias and invoke count thumbail and validate cart",
              "timedOut": null,
              "duration": 4600,
              "state": "passed",
              "speed": "fast",
              "pass": true,
              "fail": false,
              "pending": false,
              "context": null,
              "code": "cy.visit(\"https://automationteststore.com/\");\ncy.get(\".thumbnail\").as(\"productItem\");\ncy.get(\"@productItem\").its(\"length\");\ncy.get(\"@productItem\").find(\".productcart\").invoke(\"attr\", \"title\").should(\"eq\", \"Add to Cart\");",
              "err": {},
              "uuid": "db184f08-bb57-4c1a-abd5-7c40b80371aa",
              "parentUUID": "8006f7ec-ade9-4e36-bbdc-df83855d8e46",
              "isHook": false,
              "skipped": false
            }
          ],
          "suites": [],
          "passes": [
            "db184f08-bb57-4c1a-abd5-7c40b80371aa"
          ],
          "failures": [],
          "pending": [],
          "skipped": [],
          "duration": 4600,
          "root": false,
          "rootEmpty": false,
          "_timeout": 2000
        }
      ],
      "passes": [],
      "failures": [],
      "pending": [],
      "skipped": [],
      "duration": 0,
      "root": true,
      "rootEmpty": true,
      "_timeout": 2000
    },
    {
      "uuid": "653ee764-5daa-4b57-abc8-7df0056f0464",
      "title": "",
      "fullFile": "cypress/e2e/automation-test-store/contact-us.js",
      "file": "cypress/e2e/automation-test-store/contact-us.js",
      "beforeHooks": [],
      "afterHooks": [],
      "tests": [],
      "suites": [
        {
          "uuid": "72f3715c-d887-4590-8394-3c8fc71e6e3a",
          "title": "Test Contact Us Form via Automation Test Store",
          "fullFile": "",
          "file": "",
          "beforeHooks": [],
          "afterHooks": [],
          "tests": [
            {
              "title": "Should be able to submit a successful submission via contact us form",
              "fullTitle": "Test Contact Us Form via Automation Test Store Should be able to submit a successful submission via contact us form",
              "timedOut": null,
              "duration": 8618,
              "state": "passed",
              "speed": "medium",
              "pass": true,
              "fail": false,
              "pending": false,
              "context": null,
              "code": "// cypress code\ncy.visit(\"https://automationteststore.com/\");\n// cy.get(\".info_links_footer > :nth-child(5) > a\").click();\n// cy.xpath(\"//a[contains(@href,'contact')]\").click();\ncy.get(\"a[href$='contact'\").click().then(linkText => {\n  // console.log(\"This is the Name of the button is: \" + linkText.text());\n  cy.log(\"Clicked on link using text: \" + linkText.text());\n});\ncy.get(\"@user\").then(user => {\n  cy.get(\"#ContactUsFrm_first_name\").type(user.first_name);\n  cy.get(\"#ContactUsFrm_email\").type(user.email);\n});\ncy.get(\"#ContactUsFrm_email\").should(\"have.attr\", \"name\", \"email\");\ncy.get(\"#ContactUsFrm_enquiry\").type(\"Do you provide additional discount on bulk orders?\");\ncy.get(\"button[title='Submit']\").click();\ncy.get(\".mb40 > :nth-child(3)\").should(\"have.text\", \"Your enquiry has been successfully sent to the store owner!\");",
              "err": {},
              "uuid": "d70cde1b-28a1-4178-9af0-c96489b57969",
              "parentUUID": "72f3715c-d887-4590-8394-3c8fc71e6e3a",
              "isHook": false,
              "skipped": false
            },
            {
              "title": "redoing assignment",
              "fullTitle": "Test Contact Us Form via Automation Test Store redoing assignment",
              "timedOut": null,
              "duration": 2299,
              "state": "passed",
              "speed": "fast",
              "pass": true,
              "fail": false,
              "pending": false,
              "context": null,
              "code": "cy.visit(\"https://automationteststore.com/\");\ncy.get(\"a[href$='contact'\").click().then($linkText => {\n  cy.log(\"this is the link's text: \" + $linkText.text());\n});",
              "err": {},
              "uuid": "f04cf025-6ca1-4e57-84c3-0399bc56750f",
              "parentUUID": "72f3715c-d887-4590-8394-3c8fc71e6e3a",
              "isHook": false,
              "skipped": false
            }
          ],
          "suites": [],
          "passes": [
            "d70cde1b-28a1-4178-9af0-c96489b57969",
            "f04cf025-6ca1-4e57-84c3-0399bc56750f"
          ],
          "failures": [],
          "pending": [],
          "skipped": [],
          "duration": 10917,
          "root": false,
          "rootEmpty": false,
          "_timeout": 2000
        }
      ],
      "passes": [],
      "failures": [],
      "pending": [],
      "skipped": [],
      "duration": 0,
      "root": true,
      "rootEmpty": true,
      "_timeout": 2000
    },
    {
      "uuid": "19ffe404-ffec-4a76-bfc3-ea4ca96c3197",
      "title": "",
      "fullFile": "cypress/e2e/automation-test-store/inspect.js",
      "file": "cypress/e2e/automation-test-store/inspect.js",
      "beforeHooks": [],
      "afterHooks": [],
      "tests": [],
      "suites": [
        {
          "uuid": "d71f7612-39ad-4f5a-a0b8-d1634dab617c",
          "title": "Inspect Automation Test Store Items using Chain of Commands",
          "fullFile": "",
          "file": "",
          "beforeHooks": [],
          "afterHooks": [],
          "tests": [
            {
              "title": "Click on the first item using selector and eq only",
              "fullTitle": "Inspect Automation Test Store Items using Chain of Commands Click on the first item using selector and eq only",
              "timedOut": null,
              "duration": 6385,
              "state": "passed",
              "speed": "medium",
              "pass": true,
              "fail": false,
              "pending": false,
              "context": null,
              "code": "cy.visit(\"https://automationteststore.com/\");\ncy.get(\".prdocutname\").eq(0).click();",
              "err": {},
              "uuid": "38b43e39-1c24-4d61-b091-c027318864a6",
              "parentUUID": "d71f7612-39ad-4f5a-a0b8-d1634dab617c",
              "isHook": false,
              "skipped": false
            }
          ],
          "suites": [],
          "passes": [
            "38b43e39-1c24-4d61-b091-c027318864a6"
          ],
          "failures": [],
          "pending": [],
          "skipped": [],
          "duration": 6385,
          "root": false,
          "rootEmpty": false,
          "_timeout": 2000
        }
      ],
      "passes": [],
      "failures": [],
      "pending": [],
      "skipped": [],
      "duration": 0,
      "root": true,
      "rootEmpty": true,
      "_timeout": 2000
    },
    {
      "uuid": "92781a8a-3e32-4323-afd3-595eee098ce0",
      "title": "",
      "fullFile": "cypress/e2e/automation-test-store/iterate-over-elements.js",
      "file": "cypress/e2e/automation-test-store/iterate-over-elements.js",
      "beforeHooks": [],
      "afterHooks": [],
      "tests": [],
      "suites": [
        {
          "uuid": "8e139588-2a0f-4242-bf09-6e7ef5de6bf3",
          "title": "Iterate over elements",
          "fullFile": "",
          "file": "",
          "beforeHooks": [],
          "afterHooks": [],
          "tests": [
            {
              "title": "Log information of all hair care products",
              "fullTitle": "Iterate over elements Log information of all hair care products",
              "timedOut": null,
              "duration": 0,
              "state": "skipped",
              "speed": null,
              "pass": false,
              "fail": false,
              "pending": false,
              "context": null,
              "code": "cy.get(\".fixed_wrapper .prdocutname\").each(($el, index, $list) => {\n  cy.log(\"Index: \" + index + \" : \" + $el.text());\n});",
              "err": {},
              "uuid": "99503dbc-9c4b-4e9d-81f2-d2aca0e705f0",
              "parentUUID": "8e139588-2a0f-4242-bf09-6e7ef5de6bf3",
              "isHook": false,
              "skipped": true
            },
            {
              "title": "Add specific product to basket",
              "fullTitle": "Iterate over elements Add specific product to basket",
              "timedOut": null,
              "duration": 0,
              "state": "skipped",
              "speed": null,
              "pass": false,
              "fail": false,
              "pending": false,
              "context": null,
              "code": "cy.selectProduct(\"Eau Parfumee au The Vert Shampoo\");",
              "err": {},
              "uuid": "bcbc496a-9583-4295-9ce0-756da2e682f4",
              "parentUUID": "8e139588-2a0f-4242-bf09-6e7ef5de6bf3",
              "isHook": false,
              "skipped": true
            },
            {
              "title": "Add another specific product to basket",
              "fullTitle": "Iterate over elements Add another specific product to basket",
              "timedOut": null,
              "duration": 0,
              "state": "skipped",
              "speed": null,
              "pass": false,
              "fail": false,
              "pending": false,
              "context": null,
              "code": "cy.selectProduct(\"Seaweed Conditioner\");",
              "err": {},
              "uuid": "e73de848-600e-4b76-9db7-a767a1a2214e",
              "parentUUID": "8e139588-2a0f-4242-bf09-6e7ef5de6bf3",
              "isHook": false,
              "skipped": true
            },
            {
              "title": "Add another specific product to basket 2",
              "fullTitle": "Iterate over elements Add another specific product to basket 2",
              "timedOut": null,
              "duration": 0,
              "state": "skipped",
              "speed": null,
              "pass": false,
              "fail": false,
              "pending": false,
              "context": null,
              "code": "cy.selectProduct(\"Eau Parfumee au The Vert Shampoo\");",
              "err": {},
              "uuid": "d468119b-06c4-4857-abc1-d491f8c89d9c",
              "parentUUID": "8e139588-2a0f-4242-bf09-6e7ef5de6bf3",
              "isHook": false,
              "skipped": true
            }
          ],
          "suites": [],
          "passes": [],
          "failures": [],
          "pending": [],
          "skipped": [
            "99503dbc-9c4b-4e9d-81f2-d2aca0e705f0",
            "bcbc496a-9583-4295-9ce0-756da2e682f4",
            "e73de848-600e-4b76-9db7-a767a1a2214e",
            "d468119b-06c4-4857-abc1-d491f8c89d9c"
          ],
          "duration": 0,
          "root": false,
          "rootEmpty": false,
          "_timeout": 2000
        }
      ],
      "passes": [],
      "failures": [],
      "pending": [],
      "skipped": [],
      "duration": 0,
      "root": true,
      "rootEmpty": true,
      "_timeout": 2000
    },
    {
      "uuid": "7fcb2d4e-885a-4825-82a4-00e27d752d63",
      "title": "",
      "fullFile": "cypress/e2e/automation-test-store/same-origin-policy.js",
      "file": "cypress/e2e/automation-test-store/same-origin-policy.js",
      "beforeHooks": [],
      "afterHooks": [],
      "tests": [],
      "suites": [
        {
          "uuid": "2eaa6e38-f9b4-4808-b452-0b645f523eec",
          "title": "Cypress web security",
          "fullFile": "",
          "file": "",
          "beforeHooks": [],
          "afterHooks": [],
          "tests": [
            {
              "title": "Origin command",
              "fullTitle": "Cypress web security Origin command",
              "timedOut": null,
              "duration": 307,
              "state": "failed",
              "speed": null,
              "pass": false,
              "fail": true,
              "pending": false,
              "context": null,
              "code": "cy.origin(\"webdriveruniversity.com\", () => {\n  cy.visit(\"/\");\n});\ncy.origin(\"automationteststore.com\", () => {\n  cy.visit(\"/\");\n});\n// cy.visit(\"https://www.webdriveruniversity.com/\");\n// cy.visit(\"https://selectors.webdriveruniversity.com/\");",
              "err": {
                "message": "CypressError: `cy.origin()` requires the first argument to be a different domain than top. You passed `webdriveruniversity.com` to the origin command, while top is at `https://webdriveruniversity.com`.\n\nEither the intended page was not visited prior to running the cy.origin block or the cy.origin block may not be needed at all.\n\nhttps://on.cypress.io/origin",
                "estack": "CypressError: `cy.origin()` requires the first argument to be a different domain than top. You passed `webdriveruniversity.com` to the origin command, while top is at `https://webdriveruniversity.com`.\n\nEither the intended page was not visited prior to running the cy.origin block or the cy.origin block may not be needed at all.\n\nhttps://on.cypress.io/origin\n    at Validator.validateLocation (https://webdriveruniversity.com/__cypress/runner/cypress_runner.js:148164:76)\n    at Context.origin (https://webdriveruniversity.com/__cypress/runner/cypress_runner.js:147797:17)\n    at wrapped (https://webdriveruniversity.com/__cypress/runner/cypress_runner.js:160610:43)\nFrom Your Spec Code:\n    at Context.eval (webpack:///./cypress/e2e/automation-test-store/same-origin-policy.js:13:7)",
                "diff": null
              },
              "uuid": "7e87be79-1f7c-43ee-ac20-78ccdadc21fc",
              "parentUUID": "2eaa6e38-f9b4-4808-b452-0b645f523eec",
              "isHook": false,
              "skipped": false
            }
          ],
          "suites": [],
          "passes": [],
          "failures": [
            "7e87be79-1f7c-43ee-ac20-78ccdadc21fc"
          ],
          "pending": [],
          "skipped": [],
          "duration": 307,
          "root": false,
          "rootEmpty": false,
          "_timeout": 2000
        }
      ],
      "passes": [],
      "failures": [],
      "pending": [],
      "skipped": [],
      "duration": 0,
      "root": true,
      "rootEmpty": true,
      "_timeout": 2000
    },
    {
      "uuid": "47aa4f7e-52b6-4645-bbb8-5c123940d65f",
      "title": "",
      "fullFile": "cypress/e2e/automation-test-store/variables-cy-command.js",
      "file": "cypress/e2e/automation-test-store/variables-cy-command.js",
      "beforeHooks": [],
      "afterHooks": [],
      "tests": [],
      "suites": [
        {
          "uuid": "800a3dc2-fa9a-4a28-9465-67d6ebb28004",
          "title": "Verifying variables, cypress commands and jquery commands",
          "fullFile": "",
          "file": "",
          "beforeHooks": [],
          "afterHooks": [],
          "tests": [
            {
              "title": "Navigating to specific product pages",
              "fullTitle": "Verifying variables, cypress commands and jquery commands Navigating to specific product pages",
              "timedOut": null,
              "duration": 30219,
              "state": "failed",
              "speed": null,
              "pass": false,
              "fail": true,
              "pending": false,
              "context": null,
              "code": "cy.visit(\"https://automationteststore.com/\");\nconst makeupLink = cy.get(\"a[href*='=product/category&path=']\").contains(\"Makeup\");\nconst skincareLink = cy.get(\"a[href*='=product/category&path=']\").contains(\"Skincare\");\nmakeupLink.click();\nskincareLink.click();\n// This Fails\n// makeupLink.click().then((elementName) => {\n//   console.log(elementName);\n// });",
              "err": {
                "message": "CypressError: `cy.visit()` failed trying to load:\n\nhttps://automationteststore.com/\n\nWe attempted to make an http request to this URL but the request failed without a response.\n\nWe received this error at the network level:\n\n  > Error: ESOCKETTIMEDOUT\n\nCommon situations why this would fail:\n  - you don't have internet access\n  - you forgot to run / boot your web server\n  - your web server isn't accessible\n  - you have weird network configuration settings on your computer",
                "estack": "CypressError: `cy.visit()` failed trying to load:\n\nhttps://automationteststore.com/\n\nWe attempted to make an http request to this URL but the request failed without a response.\n\nWe received this error at the network level:\n\n  > Error: ESOCKETTIMEDOUT\n\nCommon situations why this would fail:\n  - you don't have internet access\n  - you forgot to run / boot your web server\n  - your web server isn't accessible\n  - you have weird network configuration settings on your computer\n    at <unknown> (https://webdriveruniversity.com/__cypress/runner/cypress_runner.js:147682:82)\n    at visitFailedByErr (https://webdriveruniversity.com/__cypress/runner/cypress_runner.js:147074:12)\n    at <unknown> (https://webdriveruniversity.com/__cypress/runner/cypress_runner.js:147681:11)\n    at tryCatcher (https://webdriveruniversity.com/__cypress/runner/cypress_runner.js:18744:23)\n    at Promise._settlePromiseFromHandler (https://webdriveruniversity.com/__cypress/runner/cypress_runner.js:16679:31)\n    at Promise._settlePromise (https://webdriveruniversity.com/__cypress/runner/cypress_runner.js:16736:18)\n    at Promise._settlePromise0 (https://webdriveruniversity.com/__cypress/runner/cypress_runner.js:16781:10)\n    at Promise._settlePromises (https://webdriveruniversity.com/__cypress/runner/cypress_runner.js:16857:18)\n    at _drainQueueStep (https://webdriveruniversity.com/__cypress/runner/cypress_runner.js:13451:12)\n    at _drainQueue (https://webdriveruniversity.com/__cypress/runner/cypress_runner.js:13444:9)\n    at ../../node_modules/bluebird/js/release/async.js.Async._drainQueues (https://webdriveruniversity.com/__cypress/runner/cypress_runner.js:13460:5)\n    at Async.drainQueues (https://webdriveruniversity.com/__cypress/runner/cypress_runner.js:13330:14)\nFrom Your Spec Code:\n    at Context.eval (webpack:///./cypress/e2e/automation-test-store/variables-cy-command.js:5:7)\n\nFrom Node.js Internals:\n  Error: ESOCKETTIMEDOUT\n      at ClientRequest.<anonymous> (<embedded>:1969:73407)\n      at Object.onceWrapper (node:events:641:28)\n      at ClientRequest.emit (node:events:527:28)\n      at TLSSocket.emitRequestTimeout (node:_http_client:771:9)\n      at Object.onceWrapper (node:events:641:28)\n      at TLSSocket.emit (node:events:539:35)\n      at Socket._onTimeout (node:net:516:8)\n      at listOnTimeout (node:internal/timers:559:17)\n      at process.processTimers (node:internal/timers:502:7)",
                "diff": null
              },
              "uuid": "fe76a73e-6a7a-4073-b4a1-3b4872024dc2",
              "parentUUID": "800a3dc2-fa9a-4a28-9465-67d6ebb28004",
              "isHook": false,
              "skipped": false
            },
            {
              "title": "Validate page header",
              "fullTitle": "Verifying variables, cypress commands and jquery commands Validate page header",
              "timedOut": null,
              "duration": 732,
              "state": "failed",
              "speed": null,
              "pass": false,
              "fail": true,
              "pending": false,
              "context": null,
              "code": "cy.visit(\"https://automationteststore.com/\");\ncy.get(\"a[href*='=product/category&path=']\").contains(\"Makeup\").click();\n// wrong implementation\n// const header = cy.get(\"h1 .maintext\");\n// cy.log(header);\n// header.then((headerName) => {\n//   cy.log(headerName);\n// });\ncy.get(\"h1 .maintext\").then($headerText => {\n  const headerText = $headerText.text();\n  cy.log(\"Found header Text: \" + headerText);\n  expect(headerText).is.eq(\"Makeup\");\n});",
              "err": {
                "message": "CypressError: `cy.visit()` failed trying to load:\n\nhttps://automationteststore.com/\n\nWe attempted to make an http request to this URL but the request failed without a response.\n\nWe received this error at the network level:\n\n  > Error: getaddrinfo ENOTFOUND automationteststore.com\n\nCommon situations why this would fail:\n  - you don't have internet access\n  - you forgot to run / boot your web server\n  - your web server isn't accessible\n  - you have weird network configuration settings on your computer",
                "estack": "CypressError: `cy.visit()` failed trying to load:\n\nhttps://automationteststore.com/\n\nWe attempted to make an http request to this URL but the request failed without a response.\n\nWe received this error at the network level:\n\n  > Error: getaddrinfo ENOTFOUND automationteststore.com\n\nCommon situations why this would fail:\n  - you don't have internet access\n  - you forgot to run / boot your web server\n  - your web server isn't accessible\n  - you have weird network configuration settings on your computer\n    at <unknown> (https://webdriveruniversity.com/__cypress/runner/cypress_runner.js:147682:82)\n    at visitFailedByErr (https://webdriveruniversity.com/__cypress/runner/cypress_runner.js:147074:12)\n    at <unknown> (https://webdriveruniversity.com/__cypress/runner/cypress_runner.js:147681:11)\n    at tryCatcher (https://webdriveruniversity.com/__cypress/runner/cypress_runner.js:18744:23)\n    at Promise._settlePromiseFromHandler (https://webdriveruniversity.com/__cypress/runner/cypress_runner.js:16679:31)\n    at Promise._settlePromise (https://webdriveruniversity.com/__cypress/runner/cypress_runner.js:16736:18)\n    at Promise._settlePromise0 (https://webdriveruniversity.com/__cypress/runner/cypress_runner.js:16781:10)\n    at Promise._settlePromises (https://webdriveruniversity.com/__cypress/runner/cypress_runner.js:16857:18)\n    at _drainQueueStep (https://webdriveruniversity.com/__cypress/runner/cypress_runner.js:13451:12)\n    at _drainQueue (https://webdriveruniversity.com/__cypress/runner/cypress_runner.js:13444:9)\n    at ../../node_modules/bluebird/js/release/async.js.Async._drainQueues (https://webdriveruniversity.com/__cypress/runner/cypress_runner.js:13460:5)\n    at Async.drainQueues (https://webdriveruniversity.com/__cypress/runner/cypress_runner.js:13330:14)\nFrom Your Spec Code:\n    at Context.eval (webpack:///./cypress/e2e/automation-test-store/variables-cy-command.js:21:7)\n\nFrom Node.js Internals:\n  Error: getaddrinfo ENOTFOUND automationteststore.com\n      at GetAddrInfoReqWrap.onlookup [as oncomplete] (node:dns:71:26)",
                "diff": null
              },
              "uuid": "279c0055-e49b-402e-af86-033c99e68d6b",
              "parentUUID": "800a3dc2-fa9a-4a28-9465-67d6ebb28004",
              "isHook": false,
              "skipped": false
            }
          ],
          "suites": [],
          "passes": [],
          "failures": [
            "fe76a73e-6a7a-4073-b4a1-3b4872024dc2",
            "279c0055-e49b-402e-af86-033c99e68d6b"
          ],
          "pending": [],
          "skipped": [],
          "duration": 30951,
          "root": false,
          "rootEmpty": false,
          "_timeout": 2000
        }
      ],
      "passes": [],
      "failures": [],
      "pending": [],
      "skipped": [],
      "duration": 0,
      "root": true,
      "rootEmpty": true,
      "_timeout": 2000
    },
    {
      "uuid": "bd0ad6c9-54eb-4ab5-a1ce-3758b8a19103",
      "title": "",
      "fullFile": "cypress/e2e/other/hooks.js",
      "file": "cypress/e2e/other/hooks.js",
      "beforeHooks": [],
      "afterHooks": [],
      "tests": [],
      "suites": [
        {
          "uuid": "53fffd92-f8d3-4ebb-9d55-52247f94654e",
          "title": "Hooks",
          "fullFile": "",
          "file": "",
          "beforeHooks": [],
          "afterHooks": [],
          "tests": [
            {
              "title": "Example test1",
              "fullTitle": "Hooks Example test1",
              "timedOut": null,
              "duration": 32,
              "state": "passed",
              "speed": "fast",
              "pass": true,
              "fail": false,
              "pending": false,
              "context": null,
              "code": "cy.log(\"Example test 1!\");",
              "err": {},
              "uuid": "30a717fb-6cb3-4dbb-846a-64588da43a68",
              "parentUUID": "53fffd92-f8d3-4ebb-9d55-52247f94654e",
              "isHook": false,
              "skipped": false
            },
            {
              "title": "Example test2",
              "fullTitle": "Hooks Example test2",
              "timedOut": null,
              "duration": 20,
              "state": "passed",
              "speed": "fast",
              "pass": true,
              "fail": false,
              "pending": false,
              "context": null,
              "code": "cy.log(\"Example test 2!\");",
              "err": {},
              "uuid": "dfcf54af-6e37-48de-8ba7-6b4fd14fe770",
              "parentUUID": "53fffd92-f8d3-4ebb-9d55-52247f94654e",
              "isHook": false,
              "skipped": false
            }
          ],
          "suites": [],
          "passes": [
            "30a717fb-6cb3-4dbb-846a-64588da43a68",
            "dfcf54af-6e37-48de-8ba7-6b4fd14fe770"
          ],
          "failures": [],
          "pending": [],
          "skipped": [],
          "duration": 52,
          "root": false,
          "rootEmpty": false,
          "_timeout": 2000
        }
      ],
      "passes": [],
      "failures": [],
      "pending": [],
      "skipped": [],
      "duration": 0,
      "root": true,
      "rootEmpty": true,
      "_timeout": 2000
    },
    {
      "uuid": "2a703b4a-0172-49e9-8bab-0875843a372d",
      "title": "",
      "fullFile": "cypress/e2e/webdriver-uni/autocomplete-dropdown-list.js",
      "file": "cypress/e2e/webdriver-uni/autocomplete-dropdown-list.js",
      "beforeHooks": [],
      "afterHooks": [],
      "tests": [],
      "suites": [
        {
          "uuid": "3b99e96b-4c4c-4f28-a712-c88c9f40cd2f",
          "title": "Verify Autocomplete list via webdriveruni",
          "fullFile": "",
          "file": "",
          "beforeHooks": [],
          "afterHooks": [],
          "tests": [
            {
              "title": "Select specific product via Autocomplete list",
              "fullTitle": "Verify Autocomplete list via webdriveruni Select specific product via Autocomplete list",
              "timedOut": null,
              "duration": 734,
              "state": "failed",
              "speed": null,
              "pass": false,
              "fail": true,
              "pending": false,
              "context": null,
              "code": "cy.visit(\"https://webdriveruniversity.com/\");\ncy.get(\"#autocomplete-textfield\").invoke(\"removeAttr\", \"target\").click();\ncy.get(\"#myInput\").type(\"a\");\ncy.get(\"#myInputautocomplete-list > *\").each(($el, index, $list) => {\n  const product = $el.text();\n  const productToSelect = \"Asparagus\";\n  if (product === productToSelect) {\n    //   $el.click();\n    $el.trigger(\"click\");\n    cy.get(\"#submit-button\").click();\n    cy.url().should(\"include\", productToSelect);\n  }\n}).then(() => {\n  cy.get(\"#myInput\").type(\"g\");\n  cy.get(\"#myInputautocomplete-list > *\").each(($el, index, $list) => {\n    const product = $el.text();\n    const productToSelect = \"Grapes\";\n    if (product === productToSelect) {\n      // $el.click();//deprecated\n      $el.trigger(\"click\");\n      cy.get(\"#submit-button\").click();\n      cy.url().should(\"include\", productToSelect);\n    }\n  });\n});",
              "err": {
                "message": "CypressError: `cy.visit()` failed trying to load:\n\nhttps://webdriveruniversity.com/\n\nWe attempted to make an http request to this URL but the request failed without a response.\n\nWe received this error at the network level:\n\n  > Error: getaddrinfo ENOTFOUND webdriveruniversity.com\n\nCommon situations why this would fail:\n  - you don't have internet access\n  - you forgot to run / boot your web server\n  - your web server isn't accessible\n  - you have weird network configuration settings on your computer",
                "estack": "CypressError: `cy.visit()` failed trying to load:\n\nhttps://webdriveruniversity.com/\n\nWe attempted to make an http request to this URL but the request failed without a response.\n\nWe received this error at the network level:\n\n  > Error: getaddrinfo ENOTFOUND webdriveruniversity.com\n\nCommon situations why this would fail:\n  - you don't have internet access\n  - you forgot to run / boot your web server\n  - your web server isn't accessible\n  - you have weird network configuration settings on your computer\n    at <unknown> (https://webdriveruniversity.com/__cypress/runner/cypress_runner.js:147682:82)\n    at visitFailedByErr (https://webdriveruniversity.com/__cypress/runner/cypress_runner.js:147074:12)\n    at <unknown> (https://webdriveruniversity.com/__cypress/runner/cypress_runner.js:147681:11)\n    at tryCatcher (https://webdriveruniversity.com/__cypress/runner/cypress_runner.js:18744:23)\n    at Promise._settlePromiseFromHandler (https://webdriveruniversity.com/__cypress/runner/cypress_runner.js:16679:31)\n    at Promise._settlePromise (https://webdriveruniversity.com/__cypress/runner/cypress_runner.js:16736:18)\n    at Promise._settlePromise0 (https://webdriveruniversity.com/__cypress/runner/cypress_runner.js:16781:10)\n    at Promise._settlePromises (https://webdriveruniversity.com/__cypress/runner/cypress_runner.js:16857:18)\n    at _drainQueueStep (https://webdriveruniversity.com/__cypress/runner/cypress_runner.js:13451:12)\n    at _drainQueue (https://webdriveruniversity.com/__cypress/runner/cypress_runner.js:13444:9)\n    at ../../node_modules/bluebird/js/release/async.js.Async._drainQueues (https://webdriveruniversity.com/__cypress/runner/cypress_runner.js:13460:5)\n    at Async.drainQueues (https://webdriveruniversity.com/__cypress/runner/cypress_runner.js:13330:14)\nFrom Your Spec Code:\n    at Context.eval (webpack:///./cypress/e2e/webdriver-uni/autocomplete-dropdown-list.js:5:7)\n\nFrom Node.js Internals:\n  Error: getaddrinfo ENOTFOUND webdriveruniversity.com\n      at GetAddrInfoReqWrap.onlookup [as oncomplete] (node:dns:71:26)",
                "diff": null
              },
              "uuid": "8d15a383-d2a5-4982-8c2b-521c9bfccc1d",
              "parentUUID": "3b99e96b-4c4c-4f28-a712-c88c9f40cd2f",
              "isHook": false,
              "skipped": false
            }
          ],
          "suites": [],
          "passes": [],
          "failures": [
            "8d15a383-d2a5-4982-8c2b-521c9bfccc1d"
          ],
          "pending": [],
          "skipped": [],
          "duration": 734,
          "root": false,
          "rootEmpty": false,
          "_timeout": 2000
        }
      ],
      "passes": [],
      "failures": [],
      "pending": [],
      "skipped": [],
      "duration": 0,
      "root": true,
      "rootEmpty": true,
      "_timeout": 2000
    },
    {
      "uuid": "8e4e1a5d-5a4e-4c20-a0b3-8f06e2f6616e",
      "title": "",
      "fullFile": "cypress/e2e/webdriver-uni/broswer-navigation.js",
      "file": "cypress/e2e/webdriver-uni/broswer-navigation.js",
      "beforeHooks": [],
      "afterHooks": [],
      "tests": [],
      "suites": [
        {
          "uuid": "8ccf62ff-7e40-42ef-860b-6b3874bfacfc",
          "title": "Validate webdriveruni homepage links",
          "fullFile": "",
          "file": "",
          "beforeHooks": [],
          "afterHooks": [],
          "tests": [
            {
              "title": "Confirm links redirect to the correct pages",
              "fullTitle": "Validate webdriveruni homepage links Confirm links redirect to the correct pages",
              "timedOut": null,
              "duration": 734,
              "state": "failed",
              "speed": null,
              "pass": false,
              "fail": true,
              "pending": false,
              "context": null,
              "code": "// cypress code\ncy.visit(\"https://webdriveruniversity.com/\");\ncy.get(\"#contact-us\").invoke(\"removeAttr\", \"target\").click();\ncy.url().should(\"includes\", \"contactus\");\ncy.go(\"back\");\ncy.url().should(\"not.include\", \"contactus\");\n// cy.reload(true)reload with out a cache\ncy.reload();\ncy.go(\"forward\");\ncy.url().should(\"includes\", \"contactus\");\ncy.go(\"back\");\ncy.get(\"#login-portal\").invoke(\"removeAttr\", \"target\").click();\ncy.url().should(\"include\", \"Login-Portal\");\ncy.go(\"back\");\ncy.url().should(\"not.include\", \"Login-Portal\");\ncy.get(\"#to-do-list\").invoke(\"removeAttr\", \"target\").click();\ncy.url().should(\"include\", \"To-Do-List\");\ncy.go(\"back\");\ncy.url().should(\"not.include\", \"To-Do-List\");\ncy.go(\"forward\");\ncy.url().should(\"include\", \"To-Do-List\");\ncy.go(\"back\");",
              "err": {
                "message": "CypressError: `cy.visit()` failed trying to load:\n\nhttps://webdriveruniversity.com/\n\nWe attempted to make an http request to this URL but the request failed without a response.\n\nWe received this error at the network level:\n\n  > Error: getaddrinfo ENOTFOUND webdriveruniversity.com\n\nCommon situations why this would fail:\n  - you don't have internet access\n  - you forgot to run / boot your web server\n  - your web server isn't accessible\n  - you have weird network configuration settings on your computer",
                "estack": "CypressError: `cy.visit()` failed trying to load:\n\nhttps://webdriveruniversity.com/\n\nWe attempted to make an http request to this URL but the request failed without a response.\n\nWe received this error at the network level:\n\n  > Error: getaddrinfo ENOTFOUND webdriveruniversity.com\n\nCommon situations why this would fail:\n  - you don't have internet access\n  - you forgot to run / boot your web server\n  - your web server isn't accessible\n  - you have weird network configuration settings on your computer\n    at <unknown> (https://webdriveruniversity.com/__cypress/runner/cypress_runner.js:147682:82)\n    at visitFailedByErr (https://webdriveruniversity.com/__cypress/runner/cypress_runner.js:147074:12)\n    at <unknown> (https://webdriveruniversity.com/__cypress/runner/cypress_runner.js:147681:11)\n    at tryCatcher (https://webdriveruniversity.com/__cypress/runner/cypress_runner.js:18744:23)\n    at Promise._settlePromiseFromHandler (https://webdriveruniversity.com/__cypress/runner/cypress_runner.js:16679:31)\n    at Promise._settlePromise (https://webdriveruniversity.com/__cypress/runner/cypress_runner.js:16736:18)\n    at Promise._settlePromise0 (https://webdriveruniversity.com/__cypress/runner/cypress_runner.js:16781:10)\n    at Promise._settlePromises (https://webdriveruniversity.com/__cypress/runner/cypress_runner.js:16857:18)\n    at _drainQueueStep (https://webdriveruniversity.com/__cypress/runner/cypress_runner.js:13451:12)\n    at _drainQueue (https://webdriveruniversity.com/__cypress/runner/cypress_runner.js:13444:9)\n    at ../../node_modules/bluebird/js/release/async.js.Async._drainQueues (https://webdriveruniversity.com/__cypress/runner/cypress_runner.js:13460:5)\n    at Async.drainQueues (https://webdriveruniversity.com/__cypress/runner/cypress_runner.js:13330:14)\nFrom Your Spec Code:\n    at Context.eval (webpack:///./cypress/e2e/webdriver-uni/broswer-navigation.js:6:7)\n\nFrom Node.js Internals:\n  Error: getaddrinfo ENOTFOUND webdriveruniversity.com\n      at GetAddrInfoReqWrap.onlookup [as oncomplete] (node:dns:71:26)",
                "diff": null
              },
              "uuid": "9945d79d-c7ea-4f7c-acd4-ff5b13660169",
              "parentUUID": "8ccf62ff-7e40-42ef-860b-6b3874bfacfc",
              "isHook": false,
              "skipped": false
            }
          ],
          "suites": [],
          "passes": [],
          "failures": [
            "9945d79d-c7ea-4f7c-acd4-ff5b13660169"
          ],
          "pending": [],
          "skipped": [],
          "duration": 734,
          "root": false,
          "rootEmpty": false,
          "_timeout": 2000
        }
      ],
      "passes": [],
      "failures": [],
      "pending": [],
      "skipped": [],
      "duration": 0,
      "root": true,
      "rootEmpty": true,
      "_timeout": 2000
    },
    {
      "uuid": "0f5b259f-c7fa-495d-84de-6d663d6c0bda",
      "title": "",
      "fullFile": "cypress/e2e/webdriver-uni/checkboxes.js",
      "file": "cypress/e2e/webdriver-uni/checkboxes.js",
      "beforeHooks": [],
      "afterHooks": [],
      "tests": [],
      "suites": [
        {
          "uuid": "59e699d5-0cc3-41d4-9b8a-0761b64da97e",
          "title": "Verify checkboxes via webdriver uni",
          "fullFile": "",
          "file": "",
          "beforeHooks": [],
          "afterHooks": [],
          "tests": [
            {
              "title": "Check and validate checkboxes",
              "fullTitle": "Verify checkboxes via webdriver uni Check and validate checkboxes",
              "timedOut": null,
              "duration": 720,
              "state": "failed",
              "speed": null,
              "pass": false,
              "fail": true,
              "pending": false,
              "context": null,
              "code": "// cy.get(\"#checkboxes > :nth-child(1) > input\").should(\"not.be.checked\");\n// cy.get(\"#checkboxes > :nth-child(1) > input\").check();\n// cy.get(\"#checkboxes > :nth-child(1) > input\").should(\"be.checked\");\n// improved versioin\ncy.get(\"#checkboxes > :nth-child(1) > input\").as(\"option-1\");\ncy.get(\"@option-1\").should(\"not.be.checked\");\ncy.get(\"@option-1\").check();\ncy.get(\"@option-1\").should(\"be.checked\");",
              "err": {
                "message": "CypressError: `cy.visit()` failed trying to load:\n\nhttps://webdriveruniversity.com/\n\nWe attempted to make an http request to this URL but the request failed without a response.\n\nWe received this error at the network level:\n\n  > Error: getaddrinfo ENOTFOUND webdriveruniversity.com\n\nCommon situations why this would fail:\n  - you don't have internet access\n  - you forgot to run / boot your web server\n  - your web server isn't accessible\n  - you have weird network configuration settings on your computer\n\nBecause this error occurred during a `before each` hook we are skipping the remaining tests in the current suite: `Verify checkboxes via webdr...`",
                "estack": "CypressError: `cy.visit()` failed trying to load:\n\nhttps://webdriveruniversity.com/\n\nWe attempted to make an http request to this URL but the request failed without a response.\n\nWe received this error at the network level:\n\n  > Error: getaddrinfo ENOTFOUND webdriveruniversity.com\n\nCommon situations why this would fail:\n  - you don't have internet access\n  - you forgot to run / boot your web server\n  - your web server isn't accessible\n  - you have weird network configuration settings on your computer\n\nBecause this error occurred during a `before each` hook we are skipping the remaining tests in the current suite: `Verify checkboxes via webdr...`\n    at <unknown> (https://webdriveruniversity.com/__cypress/runner/cypress_runner.js:147682:82)\n    at visitFailedByErr (https://webdriveruniversity.com/__cypress/runner/cypress_runner.js:147074:12)\n    at <unknown> (https://webdriveruniversity.com/__cypress/runner/cypress_runner.js:147681:11)\n    at tryCatcher (https://webdriveruniversity.com/__cypress/runner/cypress_runner.js:18744:23)\n    at Promise._settlePromiseFromHandler (https://webdriveruniversity.com/__cypress/runner/cypress_runner.js:16679:31)\n    at Promise._settlePromise (https://webdriveruniversity.com/__cypress/runner/cypress_runner.js:16736:18)\n    at Promise._settlePromise0 (https://webdriveruniversity.com/__cypress/runner/cypress_runner.js:16781:10)\n    at Promise._settlePromises (https://webdriveruniversity.com/__cypress/runner/cypress_runner.js:16857:18)\n    at _drainQueueStep (https://webdriveruniversity.com/__cypress/runner/cypress_runner.js:13451:12)\n    at _drainQueue (https://webdriveruniversity.com/__cypress/runner/cypress_runner.js:13444:9)\n    at ../../node_modules/bluebird/js/release/async.js.Async._drainQueues (https://webdriveruniversity.com/__cypress/runner/cypress_runner.js:13460:5)\n    at Async.drainQueues (https://webdriveruniversity.com/__cypress/runner/cypress_runner.js:13330:14)\nFrom Your Spec Code:\n    at Context.eval (webpack:///./cypress/e2e/webdriver-uni/checkboxes.js:5:7)\n\nFrom Node.js Internals:\n  Error: getaddrinfo ENOTFOUND webdriveruniversity.com\n      at GetAddrInfoReqWrap.onlookup [as oncomplete] (node:dns:71:26)",
                "diff": null
              },
              "uuid": "e28dc25e-5c70-49f6-b65c-954126b79f77",
              "parentUUID": "59e699d5-0cc3-41d4-9b8a-0761b64da97e",
              "isHook": false,
              "skipped": false
            },
            {
              "title": "Uncheck and validate checkboxes",
              "fullTitle": "Verify checkboxes via webdriver uni Uncheck and validate checkboxes",
              "timedOut": null,
              "duration": 0,
              "state": "skipped",
              "speed": null,
              "pass": false,
              "fail": false,
              "pending": false,
              "context": null,
              "code": "// cy.get(\":nth-child(5) > input\").as(\"option-3\");\n// cy.get(\"@option-3\").should(\"be.checked\");\n// cy.get(\"@option-3\").uncheck();\n// cy.get(\"@option-3\").should(\"not.be.checked\");\n// short\ncy.get(\":nth-child(5) > input\").as(\"option-3\");\ncy.get(\"@option-3\").should(\"be.checked\").uncheck().should(\"not.be.checked\");",
              "err": {},
              "uuid": "ba6aaddf-a79e-46fb-8cfc-7b33e0a759d9",
              "parentUUID": "59e699d5-0cc3-41d4-9b8a-0761b64da97e",
              "isHook": false,
              "skipped": true
            },
            {
              "title": "Check and validate multiple checkbox",
              "fullTitle": "Verify checkboxes via webdriver uni Check and validate multiple checkbox",
              "timedOut": null,
              "duration": 0,
              "state": "skipped",
              "speed": null,
              "pass": false,
              "fail": false,
              "pending": false,
              "context": null,
              "code": "cy.get(\"input[type='checkbox']\").check([\"option-1\", \"option-2\", \"option-3\", \"option-4\"]).should(\"be.checked\");",
              "err": {},
              "uuid": "33d6195f-ec8d-4742-bd4b-39917cbbb91b",
              "parentUUID": "59e699d5-0cc3-41d4-9b8a-0761b64da97e",
              "isHook": false,
              "skipped": true
            }
          ],
          "suites": [],
          "passes": [],
          "failures": [
            "e28dc25e-5c70-49f6-b65c-954126b79f77"
          ],
          "pending": [],
          "skipped": [
            "ba6aaddf-a79e-46fb-8cfc-7b33e0a759d9",
            "33d6195f-ec8d-4742-bd4b-39917cbbb91b"
          ],
          "duration": 720,
          "root": false,
          "rootEmpty": false,
          "_timeout": 2000
        }
      ],
      "passes": [],
      "failures": [],
      "pending": [],
      "skipped": [],
      "duration": 0,
      "root": true,
      "rootEmpty": true,
      "_timeout": 2000
    },
    {
      "uuid": "6cb8608b-d05a-46d8-96a7-a737a636fc6b",
      "title": "",
      "fullFile": "cypress/e2e/webdriver-uni/contact-us.js",
      "file": "cypress/e2e/webdriver-uni/contact-us.js",
      "beforeHooks": [],
      "afterHooks": [],
      "tests": [],
      "suites": [
        {
          "uuid": "98803cae-2827-4af2-8af2-d4da353f522a",
          "title": "Test Contact Us Form via WebdriverUni",
          "fullFile": "",
          "file": "",
          "beforeHooks": [],
          "afterHooks": [],
          "tests": [
            {
              "title": "Negative viewport test",
              "fullTitle": "Test Contact Us Form via WebdriverUni Negative viewport test",
              "timedOut": null,
              "duration": 737,
              "state": "failed",
              "speed": null,
              "pass": false,
              "fail": true,
              "pending": false,
              "context": null,
              "code": "// cypress code\ncy.negativeViewportTest();\ncy.title().should(\"include\", \"WebDriver | Contact Us\");\ncy.url().should(\"include\", \"contactus\");\ncy.webdriveruni_ContactForm_Submission(Cypress.env(\"first_name\"), data.last_name, data.email, \"always learning\", \"h1\", \"Thank You for your Message!\");",
              "err": {
                "message": "CypressError: `cy.visit()` failed trying to load:\n\nhttps://webdriveruniversity.com/\n\nWe attempted to make an http request to this URL but the request failed without a response.\n\nWe received this error at the network level:\n\n  > Error: getaddrinfo ENOTFOUND webdriveruniversity.com\n\nCommon situations why this would fail:\n  - you don't have internet access\n  - you forgot to run / boot your web server\n  - your web server isn't accessible\n  - you have weird network configuration settings on your computer\n\nBecause this error occurred during a `before each` hook we are skipping the remaining tests in the current suite: `Test Contact Us Form via We...`",
                "estack": "CypressError: `cy.visit()` failed trying to load:\n\nhttps://webdriveruniversity.com/\n\nWe attempted to make an http request to this URL but the request failed without a response.\n\nWe received this error at the network level:\n\n  > Error: getaddrinfo ENOTFOUND webdriveruniversity.com\n\nCommon situations why this would fail:\n  - you don't have internet access\n  - you forgot to run / boot your web server\n  - your web server isn't accessible\n  - you have weird network configuration settings on your computer\n\nBecause this error occurred during a `before each` hook we are skipping the remaining tests in the current suite: `Test Contact Us Form via We...`\n    at <unknown> (https://webdriveruniversity.com/__cypress/runner/cypress_runner.js:147682:82)\n    at visitFailedByErr (https://webdriveruniversity.com/__cypress/runner/cypress_runner.js:147074:12)\n    at <unknown> (https://webdriveruniversity.com/__cypress/runner/cypress_runner.js:147681:11)\n    at tryCatcher (https://webdriveruniversity.com/__cypress/runner/cypress_runner.js:18744:23)\n    at Promise._settlePromiseFromHandler (https://webdriveruniversity.com/__cypress/runner/cypress_runner.js:16679:31)\n    at Promise._settlePromise (https://webdriveruniversity.com/__cypress/runner/cypress_runner.js:16736:18)\n    at Promise._settlePromise0 (https://webdriveruniversity.com/__cypress/runner/cypress_runner.js:16781:10)\n    at Promise._settlePromises (https://webdriveruniversity.com/__cypress/runner/cypress_runner.js:16857:18)\n    at _drainQueueStep (https://webdriveruniversity.com/__cypress/runner/cypress_runner.js:13451:12)\n    at _drainQueue (https://webdriveruniversity.com/__cypress/runner/cypress_runner.js:13444:9)\n    at ../../node_modules/bluebird/js/release/async.js.Async._drainQueues (https://webdriveruniversity.com/__cypress/runner/cypress_runner.js:13460:5)\n    at Async.drainQueues (https://webdriveruniversity.com/__cypress/runner/cypress_runner.js:13330:14)\nFrom Your Spec Code:\n    at Context.eval (webpack:///./cypress/support/commands.js:28:5)\n\nFrom Node.js Internals:\n  Error: getaddrinfo ENOTFOUND webdriveruniversity.com\n      at GetAddrInfoReqWrap.onlookup [as oncomplete] (node:dns:71:26)",
                "diff": null
              },
              "uuid": "e86e9688-d60c-42ee-9a94-5013ac9a38e0",
              "parentUUID": "98803cae-2827-4af2-8af2-d4da353f522a",
              "isHook": false,
              "skipped": false
            }
          ],
          "suites": [],
          "passes": [],
          "failures": [
            "e86e9688-d60c-42ee-9a94-5013ac9a38e0"
          ],
          "pending": [],
          "skipped": [],
          "duration": 737,
          "root": false,
          "rootEmpty": false,
          "_timeout": 2000
        }
      ],
      "passes": [],
      "failures": [],
      "pending": [],
      "skipped": [],
      "duration": 0,
      "root": true,
      "rootEmpty": true,
      "_timeout": 2000
    },
    {
      "uuid": "51d46d68-6243-4a33-9fd4-064acc2eaa2d",
      "title": "",
      "fullFile": "cypress/e2e/webdriver-uni/data-table.js",
      "file": "cypress/e2e/webdriver-uni/data-table.js",
      "beforeHooks": [],
      "afterHooks": [],
      "tests": [],
      "suites": [
        {
          "uuid": "41b86e68-c6d6-42a1-88bb-3fdd2b585b1d",
          "title": "Handling data via  webdriveruni",
          "fullFile": "",
          "file": "",
          "beforeHooks": [],
          "afterHooks": [],
          "tests": [
            {
              "title": "another solution to this - Calculate and assert the age of a given user based on last name",
              "fullTitle": "Handling data via  webdriveruni another solution to this - Calculate and assert the age of a given user based on last name",
              "timedOut": null,
              "duration": 742,
              "state": "failed",
              "speed": null,
              "pass": false,
              "fail": true,
              "pending": false,
              "context": null,
              "code": "cy.get(\"#thumbnail-1 tr td:nth-child(2)\").each(($el, index, $list) => {\n  const text = $el.text();\n  if (text.includes(\"Woods\")) {\n    cy.get(\"#thumbnail-1 tr td:nth-child(2)\").eq(index).next().then(age => {\n      const userAge = age.text();\n      expect(userAge).to.equal(\"80\");\n    });\n  }\n});",
              "err": {
                "message": "CypressError: `cy.visit()` failed trying to load:\n\nhttps://webdriveruniversity.com/\n\nWe attempted to make an http request to this URL but the request failed without a response.\n\nWe received this error at the network level:\n\n  > Error: getaddrinfo ENOTFOUND webdriveruniversity.com\n\nCommon situations why this would fail:\n  - you don't have internet access\n  - you forgot to run / boot your web server\n  - your web server isn't accessible\n  - you have weird network configuration settings on your computer\n\nBecause this error occurred during a `before each` hook we are skipping the remaining tests in the current suite: `Handling data via  webdrive...`",
                "estack": "CypressError: `cy.visit()` failed trying to load:\n\nhttps://webdriveruniversity.com/\n\nWe attempted to make an http request to this URL but the request failed without a response.\n\nWe received this error at the network level:\n\n  > Error: getaddrinfo ENOTFOUND webdriveruniversity.com\n\nCommon situations why this would fail:\n  - you don't have internet access\n  - you forgot to run / boot your web server\n  - your web server isn't accessible\n  - you have weird network configuration settings on your computer\n\nBecause this error occurred during a `before each` hook we are skipping the remaining tests in the current suite: `Handling data via  webdrive...`\n    at <unknown> (https://webdriveruniversity.com/__cypress/runner/cypress_runner.js:147682:82)\n    at visitFailedByErr (https://webdriveruniversity.com/__cypress/runner/cypress_runner.js:147074:12)\n    at <unknown> (https://webdriveruniversity.com/__cypress/runner/cypress_runner.js:147681:11)\n    at tryCatcher (https://webdriveruniversity.com/__cypress/runner/cypress_runner.js:18744:23)\n    at Promise._settlePromiseFromHandler (https://webdriveruniversity.com/__cypress/runner/cypress_runner.js:16679:31)\n    at Promise._settlePromise (https://webdriveruniversity.com/__cypress/runner/cypress_runner.js:16736:18)\n    at Promise._settlePromise0 (https://webdriveruniversity.com/__cypress/runner/cypress_runner.js:16781:10)\n    at Promise._settlePromises (https://webdriveruniversity.com/__cypress/runner/cypress_runner.js:16857:18)\n    at _drainQueueStep (https://webdriveruniversity.com/__cypress/runner/cypress_runner.js:13451:12)\n    at _drainQueue (https://webdriveruniversity.com/__cypress/runner/cypress_runner.js:13444:9)\n    at ../../node_modules/bluebird/js/release/async.js.Async._drainQueues (https://webdriveruniversity.com/__cypress/runner/cypress_runner.js:13460:5)\n    at Async.drainQueues (https://webdriveruniversity.com/__cypress/runner/cypress_runner.js:13330:14)\nFrom Your Spec Code:\n    at Context.eval (webpack:///./cypress/e2e/webdriver-uni/data-table.js:5:7)\n\nFrom Node.js Internals:\n  Error: getaddrinfo ENOTFOUND webdriveruniversity.com\n      at GetAddrInfoReqWrap.onlookup [as oncomplete] (node:dns:71:26)",
                "diff": null
              },
              "uuid": "656ba0ff-9d9e-4526-b82c-a8cfbadb0f90",
              "parentUUID": "41b86e68-c6d6-42a1-88bb-3fdd2b585b1d",
              "isHook": false,
              "skipped": false
            }
          ],
          "suites": [],
          "passes": [],
          "failures": [
            "656ba0ff-9d9e-4526-b82c-a8cfbadb0f90"
          ],
          "pending": [],
          "skipped": [],
          "duration": 742,
          "root": false,
          "rootEmpty": false,
          "_timeout": 2000
        }
      ],
      "passes": [],
      "failures": [],
      "pending": [],
      "skipped": [],
      "duration": 0,
      "root": true,
      "rootEmpty": true,
      "_timeout": 2000
    },
    {
      "uuid": "70158680-c929-48ed-942a-12dcbdf550f9",
      "title": "",
      "fullFile": "cypress/e2e/webdriver-uni/date-picker.js",
      "file": "cypress/e2e/webdriver-uni/date-picker.js",
      "beforeHooks": [],
      "afterHooks": [],
      "tests": [],
      "suites": [
        {
          "uuid": "2379d76f-88d8-4344-949d-12a191c0aa45",
          "title": "Test Datepicker via webdriveruni",
          "fullFile": "",
          "file": "",
          "beforeHooks": [],
          "afterHooks": [],
          "tests": [
            {
              "title": "Select date from the datepicker",
              "fullTitle": "Test Datepicker via webdriveruni Select date from the datepicker",
              "timedOut": null,
              "duration": 738,
              "state": "failed",
              "speed": null,
              "pass": false,
              "fail": true,
              "pending": false,
              "context": null,
              "code": "cy.visit(\"https://webdriveruniversity.com/\");\ncy.get(\"#datepicker\").invoke(\"removeAttr\", \"target\").click();\ncy.get(\"#datepicker\").click();\n// let date = new Date();\n// date.setDate(date.getDate());\n// cy.log(date.getDate()); //get current day '13'\n// let date1 = new Date();\n// date1.setDate(date.getDate() + 5);\n// cy.log(date1.getDate()); //get current day '18'\nvar date = new Date();\ndate.setDate(date.getDate() + 200); //gets current DD\nvar futureYear = date.getFullYear(); // get current YYYY\nvar futureMonth = date.toLocaleDateString(\"default\", {\n  month: \"long\"\n});\nvar futureDay = date.getDate();\ncy.log(\"Future year to select: \" + futureYear);\ncy.log(\"Future month to select: \" + futureMonth);\ncy.log(\"Future day to select: \" + futureDay);\nfunction selectMonthAndYear() {\n  cy.get(\".datepicker-dropdown\").find(\".datepicker-switch\").first().then(currentYear => {\n    if (!currentYear.text().includes(futureYear)) {\n      cy.get(\".next\").first().click();\n      selectMonthAndYear();\n    }\n  }).then(currentMonth => {\n    if (!currentMonth.text().includes(futureMonth)) {\n      cy.get(\".next\").first().click();\n      selectMonthAndYear();\n    }\n  });\n}\nfunction selectFutureDay() {\n  cy.get(\"[class='day']\").contains(futureDay).click();\n}\nselectMonthAndYear();\nselectFutureDay();",
              "err": {
                "message": "CypressError: `cy.visit()` failed trying to load:\n\nhttps://webdriveruniversity.com/\n\nWe attempted to make an http request to this URL but the request failed without a response.\n\nWe received this error at the network level:\n\n  > Error: getaddrinfo ENOTFOUND webdriveruniversity.com\n\nCommon situations why this would fail:\n  - you don't have internet access\n  - you forgot to run / boot your web server\n  - your web server isn't accessible\n  - you have weird network configuration settings on your computer",
                "estack": "CypressError: `cy.visit()` failed trying to load:\n\nhttps://webdriveruniversity.com/\n\nWe attempted to make an http request to this URL but the request failed without a response.\n\nWe received this error at the network level:\n\n  > Error: getaddrinfo ENOTFOUND webdriveruniversity.com\n\nCommon situations why this would fail:\n  - you don't have internet access\n  - you forgot to run / boot your web server\n  - your web server isn't accessible\n  - you have weird network configuration settings on your computer\n    at <unknown> (https://webdriveruniversity.com/__cypress/runner/cypress_runner.js:147682:82)\n    at visitFailedByErr (https://webdriveruniversity.com/__cypress/runner/cypress_runner.js:147074:12)\n    at <unknown> (https://webdriveruniversity.com/__cypress/runner/cypress_runner.js:147681:11)\n    at tryCatcher (https://webdriveruniversity.com/__cypress/runner/cypress_runner.js:18744:23)\n    at Promise._settlePromiseFromHandler (https://webdriveruniversity.com/__cypress/runner/cypress_runner.js:16679:31)\n    at Promise._settlePromise (https://webdriveruniversity.com/__cypress/runner/cypress_runner.js:16736:18)\n    at Promise._settlePromise0 (https://webdriveruniversity.com/__cypress/runner/cypress_runner.js:16781:10)\n    at Promise._settlePromises (https://webdriveruniversity.com/__cypress/runner/cypress_runner.js:16857:18)\n    at _drainQueueStep (https://webdriveruniversity.com/__cypress/runner/cypress_runner.js:13451:12)\n    at _drainQueue (https://webdriveruniversity.com/__cypress/runner/cypress_runner.js:13444:9)\n    at ../../node_modules/bluebird/js/release/async.js.Async._drainQueues (https://webdriveruniversity.com/__cypress/runner/cypress_runner.js:13460:5)\n    at Async.drainQueues (https://webdriveruniversity.com/__cypress/runner/cypress_runner.js:13330:14)\nFrom Your Spec Code:\n    at Context.eval (webpack:///./cypress/e2e/webdriver-uni/date-picker.js:5:7)\n\nFrom Node.js Internals:\n  Error: getaddrinfo ENOTFOUND webdriveruniversity.com\n      at GetAddrInfoReqWrap.onlookup [as oncomplete] (node:dns:71:26)",
                "diff": null
              },
              "uuid": "c00ef506-3c2c-4ece-a706-211708a097d4",
              "parentUUID": "2379d76f-88d8-4344-949d-12a191c0aa45",
              "isHook": false,
              "skipped": false
            }
          ],
          "suites": [],
          "passes": [],
          "failures": [
            "c00ef506-3c2c-4ece-a706-211708a097d4"
          ],
          "pending": [],
          "skipped": [],
          "duration": 738,
          "root": false,
          "rootEmpty": false,
          "_timeout": 2000
        }
      ],
      "passes": [],
      "failures": [],
      "pending": [],
      "skipped": [],
      "duration": 0,
      "root": true,
      "rootEmpty": true,
      "_timeout": 2000
    },
    {
      "uuid": "865eda44-5762-40ce-99c7-b2720dcb3f4a",
      "title": "",
      "fullFile": "cypress/e2e/webdriver-uni/drop-down-list.js",
      "file": "cypress/e2e/webdriver-uni/drop-down-list.js",
      "beforeHooks": [],
      "afterHooks": [],
      "tests": [],
      "suites": [
        {
          "uuid": "2cb4fdd2-fc3e-4a38-a08b-a3a6c9c19436",
          "title": "Interact with dropdown lists via webdriveruni",
          "fullFile": "",
          "file": "",
          "beforeHooks": [],
          "afterHooks": [],
          "tests": [
            {
              "title": "Select Maven based on value and Testng based on text",
              "fullTitle": "Interact with dropdown lists via webdriveruni Select Maven based on value and Testng based on text",
              "timedOut": null,
              "duration": 737,
              "state": "failed",
              "speed": null,
              "pass": false,
              "fail": true,
              "pending": false,
              "context": null,
              "code": "cy.visit(\"https://webdriveruniversity.com/\");\ncy.get(\"#dropdown-checkboxes-radiobuttons\").invoke(\"removeAttr\", \"target\").click();\ncy.get(\"#dropdowm-menu-2\").select(\"maven\").should(\"have.value\", \"maven\");\ncy.get(\"#dropdowm-menu-2\").select(\"TestNG\").should(\"contain\", \"TestNG\");",
              "err": {
                "message": "CypressError: `cy.visit()` failed trying to load:\n\nhttps://webdriveruniversity.com/\n\nWe attempted to make an http request to this URL but the request failed without a response.\n\nWe received this error at the network level:\n\n  > Error: getaddrinfo ENOTFOUND webdriveruniversity.com\n\nCommon situations why this would fail:\n  - you don't have internet access\n  - you forgot to run / boot your web server\n  - your web server isn't accessible\n  - you have weird network configuration settings on your computer",
                "estack": "CypressError: `cy.visit()` failed trying to load:\n\nhttps://webdriveruniversity.com/\n\nWe attempted to make an http request to this URL but the request failed without a response.\n\nWe received this error at the network level:\n\n  > Error: getaddrinfo ENOTFOUND webdriveruniversity.com\n\nCommon situations why this would fail:\n  - you don't have internet access\n  - you forgot to run / boot your web server\n  - your web server isn't accessible\n  - you have weird network configuration settings on your computer\n    at <unknown> (https://webdriveruniversity.com/__cypress/runner/cypress_runner.js:147682:82)\n    at visitFailedByErr (https://webdriveruniversity.com/__cypress/runner/cypress_runner.js:147074:12)\n    at <unknown> (https://webdriveruniversity.com/__cypress/runner/cypress_runner.js:147681:11)\n    at tryCatcher (https://webdriveruniversity.com/__cypress/runner/cypress_runner.js:18744:23)\n    at Promise._settlePromiseFromHandler (https://webdriveruniversity.com/__cypress/runner/cypress_runner.js:16679:31)\n    at Promise._settlePromise (https://webdriveruniversity.com/__cypress/runner/cypress_runner.js:16736:18)\n    at Promise._settlePromise0 (https://webdriveruniversity.com/__cypress/runner/cypress_runner.js:16781:10)\n    at Promise._settlePromises (https://webdriveruniversity.com/__cypress/runner/cypress_runner.js:16857:18)\n    at _drainQueueStep (https://webdriveruniversity.com/__cypress/runner/cypress_runner.js:13451:12)\n    at _drainQueue (https://webdriveruniversity.com/__cypress/runner/cypress_runner.js:13444:9)\n    at ../../node_modules/bluebird/js/release/async.js.Async._drainQueues (https://webdriveruniversity.com/__cypress/runner/cypress_runner.js:13460:5)\n    at Async.drainQueues (https://webdriveruniversity.com/__cypress/runner/cypress_runner.js:13330:14)\nFrom Your Spec Code:\n    at Context.eval (webpack:///./cypress/e2e/webdriver-uni/drop-down-list.js:15:7)\n\nFrom Node.js Internals:\n  Error: getaddrinfo ENOTFOUND webdriveruniversity.com\n      at GetAddrInfoReqWrap.onlookup [as oncomplete] (node:dns:71:26)",
                "diff": null
              },
              "uuid": "fda152c4-2035-490f-9510-2d93eb87b7c4",
              "parentUUID": "2cb4fdd2-fc3e-4a38-a08b-a3a6c9c19436",
              "isHook": false,
              "skipped": false
            }
          ],
          "suites": [],
          "passes": [],
          "failures": [
            "fda152c4-2035-490f-9510-2d93eb87b7c4"
          ],
          "pending": [],
          "skipped": [],
          "duration": 737,
          "root": false,
          "rootEmpty": false,
          "_timeout": 2000
        }
      ],
      "passes": [],
      "failures": [],
      "pending": [],
      "skipped": [],
      "duration": 0,
      "root": true,
      "rootEmpty": true,
      "_timeout": 2000
    },
    {
      "uuid": "c106b2e8-5a4f-425a-85f7-a312512074c1",
      "title": "",
      "fullFile": "cypress/e2e/webdriver-uni/file-upload.js",
      "file": "cypress/e2e/webdriver-uni/file-upload.js",
      "beforeHooks": [],
      "afterHooks": [],
      "tests": [],
      "suites": [
        {
          "uuid": "87ded3c2-fc74-4c95-b941-e5cd7f33f508",
          "title": "Test File Upload via webdriveruni",
          "fullFile": "",
          "file": "",
          "beforeHooks": [],
          "afterHooks": [],
          "tests": [
            {
              "title": "Upload a file",
              "fullTitle": "Test File Upload via webdriveruni Upload a file",
              "timedOut": null,
              "duration": 739,
              "state": "failed",
              "speed": null,
              "pass": false,
              "fail": true,
              "pending": false,
              "context": null,
              "code": "cy.get(\"#myFile\").selectFile(\"cypress/fixtures/laptop.png\");\ncy.get(\"#submit-button\").click();\ncy.on(\"window:alert\", str => {\n  expect(str).to.eq(\"Your file has now been uploaded!\");\n});",
              "err": {
                "message": "CypressError: `cy.visit()` failed trying to load:\n\nhttps://webdriveruniversity.com/\n\nWe attempted to make an http request to this URL but the request failed without a response.\n\nWe received this error at the network level:\n\n  > Error: getaddrinfo ENOTFOUND webdriveruniversity.com\n\nCommon situations why this would fail:\n  - you don't have internet access\n  - you forgot to run / boot your web server\n  - your web server isn't accessible\n  - you have weird network configuration settings on your computer\n\nBecause this error occurred during a `before each` hook we are skipping the remaining tests in the current suite: `Test File Upload via webdri...`",
                "estack": "CypressError: `cy.visit()` failed trying to load:\n\nhttps://webdriveruniversity.com/\n\nWe attempted to make an http request to this URL but the request failed without a response.\n\nWe received this error at the network level:\n\n  > Error: getaddrinfo ENOTFOUND webdriveruniversity.com\n\nCommon situations why this would fail:\n  - you don't have internet access\n  - you forgot to run / boot your web server\n  - your web server isn't accessible\n  - you have weird network configuration settings on your computer\n\nBecause this error occurred during a `before each` hook we are skipping the remaining tests in the current suite: `Test File Upload via webdri...`\n    at <unknown> (https://webdriveruniversity.com/__cypress/runner/cypress_runner.js:147682:82)\n    at visitFailedByErr (https://webdriveruniversity.com/__cypress/runner/cypress_runner.js:147074:12)\n    at <unknown> (https://webdriveruniversity.com/__cypress/runner/cypress_runner.js:147681:11)\n    at tryCatcher (https://webdriveruniversity.com/__cypress/runner/cypress_runner.js:18744:23)\n    at Promise._settlePromiseFromHandler (https://webdriveruniversity.com/__cypress/runner/cypress_runner.js:16679:31)\n    at Promise._settlePromise (https://webdriveruniversity.com/__cypress/runner/cypress_runner.js:16736:18)\n    at Promise._settlePromise0 (https://webdriveruniversity.com/__cypress/runner/cypress_runner.js:16781:10)\n    at Promise._settlePromises (https://webdriveruniversity.com/__cypress/runner/cypress_runner.js:16857:18)\n    at _drainQueueStep (https://webdriveruniversity.com/__cypress/runner/cypress_runner.js:13451:12)\n    at _drainQueue (https://webdriveruniversity.com/__cypress/runner/cypress_runner.js:13444:9)\n    at ../../node_modules/bluebird/js/release/async.js.Async._drainQueues (https://webdriveruniversity.com/__cypress/runner/cypress_runner.js:13460:5)\n    at Async.drainQueues (https://webdriveruniversity.com/__cypress/runner/cypress_runner.js:13330:14)\nFrom Your Spec Code:\n    at Context.eval (webpack:///./cypress/e2e/webdriver-uni/file-upload.js:5:7)\n\nFrom Node.js Internals:\n  Error: getaddrinfo ENOTFOUND webdriveruniversity.com\n      at GetAddrInfoReqWrap.onlookup [as oncomplete] (node:dns:71:26)",
                "diff": null
              },
              "uuid": "438b5882-8ee9-4461-ac6b-09fb989317ae",
              "parentUUID": "87ded3c2-fc74-4c95-b941-e5cd7f33f508",
              "isHook": false,
              "skipped": false
            }
          ],
          "suites": [],
          "passes": [],
          "failures": [
            "438b5882-8ee9-4461-ac6b-09fb989317ae"
          ],
          "pending": [],
          "skipped": [],
          "duration": 739,
          "root": false,
          "rootEmpty": false,
          "_timeout": 2000
        }
      ],
      "passes": [],
      "failures": [],
      "pending": [],
      "skipped": [],
      "duration": 0,
      "root": true,
      "rootEmpty": true,
      "_timeout": 2000
    },
    {
      "uuid": "d0c516b8-d439-4c72-834e-5dbc9c26519c",
      "title": "",
      "fullFile": "cypress/e2e/webdriver-uni/iframe.js",
      "file": "cypress/e2e/webdriver-uni/iframe.js",
      "beforeHooks": [],
      "afterHooks": [],
      "tests": [],
      "suites": [
        {
          "uuid": "8af090a7-7781-42b2-bf81-088fcda6a38e",
          "title": "Handling iFrame & Modals",
          "fullFile": "",
          "file": "",
          "beforeHooks": [],
          "afterHooks": [],
          "tests": [
            {
              "title": "Handle webdriveruni iframe and modal",
              "fullTitle": "Handling iFrame & Modals Handle webdriveruni iframe and modal",
              "timedOut": null,
              "duration": 738,
              "state": "failed",
              "speed": null,
              "pass": false,
              "fail": true,
              "pending": false,
              "context": null,
              "code": "cy.visit(\"https://webdriveruniversity.com/\");\ncy.get(\"#iframe\").invoke(\"removeAttr\", \"target\").click();\ncy.get(\"#frame\").then($iframe => {\n  const body = $iframe.contents().find(\"body\");\n  cy.wrap(body).as(\"iframe\");\n});\ncy.get(\"@iframe\").find(\"#button-find-out-more\").click();\ncy.get(\"@iframe\").find(\"#myModal\").as(\"modal\");\ncy.get(\"@modal\").should(\"contain.text\", \"Welcome to webdriveruniversity.com we sell a wide range of electrical goods such as laptops, game consoles, cameras...\");\ncy.get(\"@modal\").should($expectedText => {\n  const text = $expectedText.text();\n  expect(text).to.include(\"Welcome to webdriveruniversity.com we sell a wide range of electrical goods such as laptops, game consoles, cameras...\");\n  // expect(text).contains(\"close\").click();\n});\ncy.get(\"@modal\").contains(\"Close\").click();",
              "err": {
                "message": "CypressError: `cy.visit()` failed trying to load:\n\nhttps://webdriveruniversity.com/\n\nWe attempted to make an http request to this URL but the request failed without a response.\n\nWe received this error at the network level:\n\n  > Error: getaddrinfo ENOTFOUND webdriveruniversity.com\n\nCommon situations why this would fail:\n  - you don't have internet access\n  - you forgot to run / boot your web server\n  - your web server isn't accessible\n  - you have weird network configuration settings on your computer",
                "estack": "CypressError: `cy.visit()` failed trying to load:\n\nhttps://webdriveruniversity.com/\n\nWe attempted to make an http request to this URL but the request failed without a response.\n\nWe received this error at the network level:\n\n  > Error: getaddrinfo ENOTFOUND webdriveruniversity.com\n\nCommon situations why this would fail:\n  - you don't have internet access\n  - you forgot to run / boot your web server\n  - your web server isn't accessible\n  - you have weird network configuration settings on your computer\n    at <unknown> (https://webdriveruniversity.com/__cypress/runner/cypress_runner.js:147682:82)\n    at visitFailedByErr (https://webdriveruniversity.com/__cypress/runner/cypress_runner.js:147074:12)\n    at <unknown> (https://webdriveruniversity.com/__cypress/runner/cypress_runner.js:147681:11)\n    at tryCatcher (https://webdriveruniversity.com/__cypress/runner/cypress_runner.js:18744:23)\n    at Promise._settlePromiseFromHandler (https://webdriveruniversity.com/__cypress/runner/cypress_runner.js:16679:31)\n    at Promise._settlePromise (https://webdriveruniversity.com/__cypress/runner/cypress_runner.js:16736:18)\n    at Promise._settlePromise0 (https://webdriveruniversity.com/__cypress/runner/cypress_runner.js:16781:10)\n    at Promise._settlePromises (https://webdriveruniversity.com/__cypress/runner/cypress_runner.js:16857:18)\n    at _drainQueueStep (https://webdriveruniversity.com/__cypress/runner/cypress_runner.js:13451:12)\n    at _drainQueue (https://webdriveruniversity.com/__cypress/runner/cypress_runner.js:13444:9)\n    at ../../node_modules/bluebird/js/release/async.js.Async._drainQueues (https://webdriveruniversity.com/__cypress/runner/cypress_runner.js:13460:5)\n    at Async.drainQueues (https://webdriveruniversity.com/__cypress/runner/cypress_runner.js:13330:14)\nFrom Your Spec Code:\n    at Context.eval (webpack:///./cypress/e2e/webdriver-uni/iframe.js:5:7)\n\nFrom Node.js Internals:\n  Error: getaddrinfo ENOTFOUND webdriveruniversity.com\n      at GetAddrInfoReqWrap.onlookup [as oncomplete] (node:dns:71:26)",
                "diff": null
              },
              "uuid": "34df413f-2d5f-44bc-a480-07f0040221f4",
              "parentUUID": "8af090a7-7781-42b2-bf81-088fcda6a38e",
              "isHook": false,
              "skipped": false
            }
          ],
          "suites": [],
          "passes": [],
          "failures": [
            "34df413f-2d5f-44bc-a480-07f0040221f4"
          ],
          "pending": [],
          "skipped": [],
          "duration": 738,
          "root": false,
          "rootEmpty": false,
          "_timeout": 2000
        }
      ],
      "passes": [],
      "failures": [],
[...]
                "estack": "CypressError: `cy.visit()` failed trying to load:\n\nhttps://webdriveruniversity.com/\n\nWe attempted to make an http request to this URL but the request failed without a response.\n\nWe received this error at the network level:\n\n  > Error: getaddrinfo ENOTFOUND webdriveruniversity.com\n\nCommon situations why this would fail:\n  - you don't have internet access\n  - you forgot to run / boot your web server\n  - your web server isn't accessible\n  - you have weird network configuration settings on your computer\n    at <unknown> (https://webdriveruniversity.com/__cypress/runner/cypress_runner.js:147682:82)\n    at visitFailedByErr (https://webdriveruniversity.com/__cypress/runner/cypress_runner.js:147074:12)\n    at <unknown> (https://webdriveruniversity.com/__cypress/runner/cypress_runner.js:147681:11)\n    at tryCatcher (https://webdriveruniversity.com/__cypress/runner/cypress_runner.js:18744:23)\n    at Promise._settlePromiseFromHandler (https://webdriveruniversity.com/__cypress/runner/cypress_runner.js:16679:31)\n    at Promise._settlePromise (https://webdriveruniversity.com/__cypress/runner/cypress_runner.js:16736:18)\n    at Promise._settlePromise0 (https://webdriveruniversity.com/__cypress/runner/cypress_runner.js:16781:10)\n    at Promise._settlePromises (https://webdriveruniversity.com/__cypress/runner/cypress_runner.js:16857:18)\n    at _drainQueueStep (https://webdriveruniversity.com/__cypress/runner/cypress_runner.js:13451:12)\n    at _drainQueue (https://webdriveruniversity.com/__cypress/runner/cypress_runner.js:13444:9)\n    at ../../node_modules/bluebird/js/release/async.js.Async._drainQueues (https://webdriveruniversity.com/__cypress/runner/cypress_runner.js:13460:5)\n    at Async.drainQueues (https://webdriveruniversity.com/__cypress/runner/cypress_runner.js:13330:14)\nFrom Your Spec Code:\n    at Context.eval (webpack:///./cypress/e2e/webdriver-uni/js-alert.js:34:7)\n\nFrom Node.js Internals:\n  Error: getaddrinfo ENOTFOUND webdriveruniversity.com\n      at GetAddrInfoReqWrap.onlookup [as oncomplete] (node:dns:71:26)",
                "diff": null
              },
              "uuid": "401ee3a2-3574-4899-8cd6-c78ec9e0b850",
              "parentUUID": "600f7ec0-ed64-43ab-a2a6-f746cc341c05",
              "isHook": false,
              "skipped": false
            }
          ],
          "suites": [],
          "passes": [],
          "failures": [
            "401ee3a2-3574-4899-8cd6-c78ec9e0b850"
          ],
          "pending": [],
          "skipped": [],
          "duration": 719,
          "root": false,
          "rootEmpty": false,
          "_timeout": 2000
        }
      ],
      "passes": [],
      "failures": [],
      "pending": [],
      "skipped": [],
      "duration": 0,
      "root": true,
      "rootEmpty": true,
      "_timeout": 2000
    },
    {
      "uuid": "22663217-0b41-477f-b6e3-8b31ffff9e3f",
      "title": "",
      "fullFile": "cypress/e2e/webdriver-uni/mouse-actions.js",
      "file": "cypress/e2e/webdriver-uni/mouse-actions.js",
      "beforeHooks": [],
      "afterHooks": [],
      "tests": [],
      "suites": [
        {
          "uuid": "9e216ecf-6f29-4e76-9ea7-59bcde0267fa",
          "title": "Test mouse Actions",
          "fullFile": "",
          "file": "",
          "beforeHooks": [],
          "afterHooks": [],
          "tests": [
            {
              "title": "I should be able to hold down the left mouse click button on a given element",
              "fullTitle": "Test mouse Actions I should be able to hold down the left mouse click button on a given element",
              "timedOut": null,
              "duration": 732,
              "state": "failed",
              "speed": null,
              "pass": false,
              "fail": true,
              "pending": false,
              "context": null,
              "code": "cy.visit(\"https://webdriveruniversity.com/\");\ncy.get(\"#actions\").scrollIntoView().invoke(\"removeAttr\", \"target\").click();\ncy.get(\"#click-box\").trigger(\"mousedown\").then($element => {\n  expect($element.text()).to.equal(\"Well done! keep holding that click now.....\");\n  expect($element).to.have.css(\"background-color\", \"rgb(0, 255, 0)\");\n}).then($element => {\n  //1st WAY\n  $element.trigger(\"mouseup\");\n  expect($element.text()).to.equal(\"Dont release me!!!\");\n  //2nd WAY\n  // cy.get(\"#click-box\")\n  //   .trigger(\"mouseup\")\n  //   .should(\"have.text\", \"Dont release me!!!\");\n});",
              "err": {
                "message": "CypressError: `cy.visit()` failed trying to load:\n\nhttps://webdriveruniversity.com/\n\nWe attempted to make an http request to this URL but the request failed without a response.\n\nWe received this error at the network level:\n\n  > Error: getaddrinfo ENOTFOUND webdriveruniversity.com\n\nCommon situations why this would fail:\n  - you don't have internet access\n  - you forgot to run / boot your web server\n  - your web server isn't accessible\n  - you have weird network configuration settings on your computer",
                "estack": "CypressError: `cy.visit()` failed trying to load:\n\nhttps://webdriveruniversity.com/\n\nWe attempted to make an http request to this URL but the request failed without a response.\n\nWe received this error at the network level:\n\n  > Error: getaddrinfo ENOTFOUND webdriveruniversity.com\n\nCommon situations why this would fail:\n  - you don't have internet access\n  - you forgot to run / boot your web server\n  - your web server isn't accessible\n  - you have weird network configuration settings on your computer\n    at <unknown> (https://webdriveruniversity.com/__cypress/runner/cypress_runner.js:147682:82)\n    at visitFailedByErr (https://webdriveruniversity.com/__cypress/runner/cypress_runner.js:147074:12)\n    at <unknown> (https://webdriveruniversity.com/__cypress/runner/cypress_runner.js:147681:11)\n    at tryCatcher (https://webdriveruniversity.com/__cypress/runner/cypress_runner.js:18744:23)\n    at Promise._settlePromiseFromHandler (https://webdriveruniversity.com/__cypress/runner/cypress_runner.js:16679:31)\n    at Promise._settlePromise (https://webdriveruniversity.com/__cypress/runner/cypress_runner.js:16736:18)\n    at Promise._settlePromise0 (https://webdriveruniversity.com/__cypress/runner/cypress_runner.js:16781:10)\n    at Promise._settlePromises (https://webdriveruniversity.com/__cypress/runner/cypress_runner.js:16857:18)\n    at _drainQueueStep (https://webdriveruniversity.com/__cypress/runner/cypress_runner.js:13451:12)\n    at _drainQueue (https://webdriveruniversity.com/__cypress/runner/cypress_runner.js:13444:9)\n    at ../../node_modules/bluebird/js/release/async.js.Async._drainQueues (https://webdriveruniversity.com/__cypress/runner/cypress_runner.js:13460:5)\n    at Async.drainQueues (https://webdriveruniversity.com/__cypress/runner/cypress_runner.js:13330:14)\nFrom Your Spec Code:\n    at Context.eval (webpack:///./cypress/e2e/webdriver-uni/mouse-actions.js:25:7)\n\nFrom Node.js Internals:\n  Error: getaddrinfo ENOTFOUND webdriveruniversity.com\n      at GetAddrInfoReqWrap.onlookup [as oncomplete] (node:dns:71:26)",
                "diff": null
              },
              "uuid": "2684a172-3494-4e7e-ac5e-065fc0c9ff86",
              "parentUUID": "9e216ecf-6f29-4e76-9ea7-59bcde0267fa",
              "isHook": false,
              "skipped": false
            }
          ],
          "suites": [],
          "passes": [],
          "failures": [
            "2684a172-3494-4e7e-ac5e-065fc0c9ff86"
          ],
          "pending": [],
          "skipped": [],
          "duration": 732,
          "root": false,
          "rootEmpty": false,
          "_timeout": 2000
        }
      ],
      "passes": [],
      "failures": [],
      "pending": [],
      "skipped": [],
      "duration": 0,
      "root": true,
      "rootEmpty": true,
      "_timeout": 2000
    },
    {
      "uuid": "ca50b569-bbfd-40d4-8233-2f0b84638ab8",
      "title": "",
      "fullFile": "cypress/e2e/webdriver-uni/radio-buttons.js",
      "file": "cypress/e2e/webdriver-uni/radio-buttons.js",
      "beforeHooks": [],
      "afterHooks": [],
      "tests": [],
      "suites": [
        {
          "uuid": "69a50278-aed7-4116-a934-a08cf1770d7c",
          "title": "Verify radio-buttons via webdriver uni",
          "fullFile": "",
          "file": "",
          "beforeHooks": [],
          "afterHooks": [],
          "tests": [
            {
              "title": "Check and validate radio",
              "fullTitle": "Verify radio-buttons via webdriver uni Check and validate radio",
              "timedOut": null,
              "duration": 734,
              "state": "failed",
              "speed": null,
              "pass": false,
              "fail": true,
              "pending": false,
              "context": null,
              "code": "//prone to failure selector is not so unique\n// cy.get('[value=\"blue\"]').check();\ncy.get(\"#radio-buttons\").find(\"[type='radio']\").first().check();\ncy.get(\"#radio-buttons\").find(\"[type='radio']\").eq(4).check();\ncy.get(\"#radio-buttons [type='radio']\").eq(3).check();",
              "err": {
                "message": "CypressError: `cy.visit()` failed trying to load:\n\nhttps://webdriveruniversity.com/\n\nWe attempted to make an http request to this URL but the request failed without a response.\n\nWe received this error at the network level:\n\n  > Error: getaddrinfo ENOTFOUND webdriveruniversity.com\n\nCommon situations why this would fail:\n  - you don't have internet access\n  - you forgot to run / boot your web server\n  - your web server isn't accessible\n  - you have weird network configuration settings on your computer\n\nBecause this error occurred during a `before each` hook we are skipping the remaining tests in the current suite: `Verify radio-buttons via we...`",
                "estack": "CypressError: `cy.visit()` failed trying to load:\n\nhttps://webdriveruniversity.com/\n\nWe attempted to make an http request to this URL but the request failed without a response.\n\nWe received this error at the network level:\n\n  > Error: getaddrinfo ENOTFOUND webdriveruniversity.com\n\nCommon situations why this would fail:\n  - you don't have internet access\n  - you forgot to run / boot your web server\n  - your web server isn't accessible\n  - you have weird network configuration settings on your computer\n\nBecause this error occurred during a `before each` hook we are skipping the remaining tests in the current suite: `Verify radio-buttons via we...`\n    at <unknown> (https://webdriveruniversity.com/__cypress/runner/cypress_runner.js:147682:82)\n    at visitFailedByErr (https://webdriveruniversity.com/__cypress/runner/cypress_runner.js:147074:12)\n    at <unknown> (https://webdriveruniversity.com/__cypress/runner/cypress_runner.js:147681:11)\n    at tryCatcher (https://webdriveruniversity.com/__cypress/runner/cypress_runner.js:18744:23)\n    at Promise._settlePromiseFromHandler (https://webdriveruniversity.com/__cypress/runner/cypress_runner.js:16679:31)\n    at Promise._settlePromise (https://webdriveruniversity.com/__cypress/runner/cypress_runner.js:16736:18)\n    at Promise._settlePromise0 (https://webdriveruniversity.com/__cypress/runner/cypress_runner.js:16781:10)\n    at Promise._settlePromises (https://webdriveruniversity.com/__cypress/runner/cypress_runner.js:16857:18)\n    at _drainQueueStep (https://webdriveruniversity.com/__cypress/runner/cypress_runner.js:13451:12)\n    at _drainQueue (https://webdriveruniversity.com/__cypress/runner/cypress_runner.js:13444:9)\n    at ../../node_modules/bluebird/js/release/async.js.Async._drainQueues (https://webdriveruniversity.com/__cypress/runner/cypress_runner.js:13460:5)\n    at Async.drainQueues (https://webdriveruniversity.com/__cypress/runner/cypress_runner.js:13330:14)\nFrom Your Spec Code:\n    at Context.eval (webpack:///./cypress/e2e/webdriver-uni/radio-buttons.js:5:7)\n\nFrom Node.js Internals:\n  Error: getaddrinfo ENOTFOUND webdriveruniversity.com\n      at GetAddrInfoReqWrap.onlookup [as oncomplete] (node:dns:71:26)",
                "diff": null
              },
              "uuid": "56622d76-0050-4d32-89f6-466b797faf09",
              "parentUUID": "69a50278-aed7-4116-a934-a08cf1770d7c",
              "isHook": false,
              "skipped": false
            },
            {
              "title": "Validate the state of specific radio button",
              "fullTitle": "Verify radio-buttons via webdriver uni Validate the state of specific radio button",
              "timedOut": null,
              "duration": 0,
              "state": "skipped",
              "speed": null,
              "pass": false,
              "fail": false,
              "pending": false,
              "context": null,
              "code": "// cy.get(\"#radio-buttons-selected-disabled\")\n//   .find(\"[value='lettuce']\")\n//   .check();\ncy.get(\"[value='lettuce']\").should(\"not.be.checked\");\ncy.get(\"[value='pumpkin']\").should(\"be.checked\");\ncy.get(\"[value='lettuce']\").check();\ncy.get(\"[value='pumpkin']\").should(\"not.be.checked\");\ncy.get(\"[value='cabbage']\").should(\"have.attr\", \"disabled\");\ncy.get(\"[value='cabbage']\").should(\"be.disabled\");",
              "err": {},
              "uuid": "47d2ba7b-07e6-4d91-824f-f866f7a8fa5c",
              "parentUUID": "69a50278-aed7-4116-a934-a08cf1770d7c",
              "isHook": false,
              "skipped": true
            }
          ],
          "suites": [],
          "passes": [],
          "failures": [
            "56622d76-0050-4d32-89f6-466b797faf09"
          ],
          "pending": [],
          "skipped": [
            "47d2ba7b-07e6-4d91-824f-f866f7a8fa5c"
          ],
          "duration": 734,
          "root": false,
          "rootEmpty": false,
          "_timeout": 2000
        }
      ],
      "passes": [],
      "failures": [],
      "pending": [],
      "skipped": [],
      "duration": 0,
      "root": true,
      "rootEmpty": true,
      "_timeout": 2000
    },
    {
      "uuid": "659d2f5b-9c9a-4f70-9723-5df4e81a40cc",
      "title": "",
      "fullFile": "cypress/e2e/webdriver-uni/traversing-elements.js",
      "file": "cypress/e2e/webdriver-uni/traversing-elements.js",
      "beforeHooks": [],
      "afterHooks": [],
      "tests": [],
      "suites": [
        {
          "uuid": "1de19914-c020-4769-83d1-dac99abc7819",
          "title": "Traversing DOM elements in Cypress",
          "fullFile": "",
          "file": "",
          "beforeHooks": [],
          "afterHooks": [],
          "tests": [
            {
              "title": "siblings() To get all sibling DOM elements of elements",
              "fullTitle": "Traversing DOM elements in Cypress siblings() To get all sibling DOM elements of elements",
              "timedOut": null,
              "duration": 755,
              "state": "failed",
              "speed": null,
              "pass": false,
              "fail": true,
              "pending": false,
              "context": null,
              "code": "cy.get(\".traversal-button-other-states .active\").siblings().should(\"have.length\", 3);",
              "err": {
                "message": "CypressError: `cy.visit()` failed trying to load:\n\nhttp://webdriveruniversity.com/\n\nWe attempted to make an http request to this URL but the request failed without a response.\n\nWe received this error at the network level:\n\n  > Error: getaddrinfo ENOTFOUND webdriveruniversity.com\n\nCommon situations why this would fail:\n  - you don't have internet access\n  - you forgot to run / boot your web server\n  - your web server isn't accessible\n  - you have weird network configuration settings on your computer\n\nBecause this error occurred during a `before each` hook we are skipping the remaining tests in the current suite: `Traversing DOM elements in ...`",
                "estack": "CypressError: `cy.visit()` failed trying to load:\n\nhttp://webdriveruniversity.com/\n\nWe attempted to make an http request to this URL but the request failed without a response.\n\nWe received this error at the network level:\n\n  > Error: getaddrinfo ENOTFOUND webdriveruniversity.com\n\nCommon situations why this would fail:\n  - you don't have internet access\n  - you forgot to run / boot your web server\n  - your web server isn't accessible\n  - you have weird network configuration settings on your computer\n\nBecause this error occurred during a `before each` hook we are skipping the remaining tests in the current suite: `Traversing DOM elements in ...`\n    at <unknown> (https://webdriveruniversity.com/__cypress/runner/cypress_runner.js:147682:82)\n    at visitFailedByErr (https://webdriveruniversity.com/__cypress/runner/cypress_runner.js:147074:12)\n    at <unknown> (https://webdriveruniversity.com/__cypress/runner/cypress_runner.js:147681:11)\n    at tryCatcher (https://webdriveruniversity.com/__cypress/runner/cypress_runner.js:18744:23)\n    at Promise._settlePromiseFromHandler (https://webdriveruniversity.com/__cypress/runner/cypress_runner.js:16679:31)\n    at Promise._settlePromise (https://webdriveruniversity.com/__cypress/runner/cypress_runner.js:16736:18)\n    at Promise._settlePromise0 (https://webdriveruniversity.com/__cypress/runner/cypress_runner.js:16781:10)\n    at Promise._settlePromises (https://webdriveruniversity.com/__cypress/runner/cypress_runner.js:16857:18)\n    at _drainQueueStep (https://webdriveruniversity.com/__cypress/runner/cypress_runner.js:13451:12)\n    at _drainQueue (https://webdriveruniversity.com/__cypress/runner/cypress_runner.js:13444:9)\n    at ../../node_modules/bluebird/js/release/async.js.Async._drainQueues (https://webdriveruniversity.com/__cypress/runner/cypress_runner.js:13460:5)\n    at Async.drainQueues (https://webdriveruniversity.com/__cypress/runner/cypress_runner.js:13330:14)\nFrom Your Spec Code:\n    at Context.eval (webpack:///./cypress/e2e/webdriver-uni/traversing-elements.js:4:7)\n\nFrom Node.js Internals:\n  Error: getaddrinfo ENOTFOUND webdriveruniversity.com\n      at GetAddrInfoReqWrap.onlookup [as oncomplete] (node:dns:71:26)",
                "diff": null
              },
              "uuid": "31a04920-a331-48d8-9e65-bd002c0850ff",
              "parentUUID": "1de19914-c020-4769-83d1-dac99abc7819",
              "isHook": false,
              "skipped": false
            }
          ],
          "suites": [],
          "passes": [],
          "failures": [
            "31a04920-a331-48d8-9e65-bd002c0850ff"
          ],
          "pending": [],
          "skipped": [],
          "duration": 755,
          "root": false,
          "rootEmpty": false,
          "_timeout": 2000
        }
      ],
      "passes": [],
      "failures": [],
      "pending": [],
      "skipped": [],
      "duration": 0,
      "root": true,
      "rootEmpty": true,
      "_timeout": 2000
    }
  ],
  "meta": {
    "mocha": {
      "version": "7.0.1"
    },
    "mochawesome": {
      "options": {
        "quiet": false,
        "reportFilename": "mochawesome",
        "saveHtml": false,
        "saveJson": true,
        "consoleReporter": "spec",
        "useInlineDiffs": false,
        "code": true
      },
      "version": "7.1.3"
    },
    "marge": {
      "options": {
        "id": "default",
        "reportDir": "cypress/results/mochawesome",
        "quite": true,
        "overwrite": false,
        "html": false,
        "json": true
      },
      "version": "6.2.0"
    }
  }
}