{
  "stats": {
    "suites": 1,
    "tests": 2,
    "passes": 2,
    "pending": 0,
    "failures": 0,
    "start": "2023-08-25T19:25:36.483Z",
    "end": "2023-08-25T19:25:36.553Z",
    "duration": 70,
    "testsRegistered": 2,
    "passPercent": 100,
    "pendingPercent": 0,
    "other": 0,
    "hasOther": false,
    "skipped": 0,
    "hasSkipped": false
  },
  "results": [
    {
      "uuid": "6eabf8b4-b07d-470e-a118-919cef2fd8d3",
      "title": "",
      "fullFile": "cypress/e2e/other/hooks.js",
      "file": "cypress/e2e/other/hooks.js",
      "beforeHooks": [],
      "afterHooks": [],
      "tests": [],
      "suites": [
        {
          "uuid": "1173c9c7-669b-4aa6-9dff-133c7c5e3dc7",
          "title": "Hooks",
          "fullFile": "",
          "file": "",
          "beforeHooks": [],
          "afterHooks": [],
          "tests": [
            {
              "title": "Example test1",
              "fullTitle": "Hooks Example test1",
              "timedOut": null,
              "duration": 40,
              "state": "passed",
              "speed": "fast",
              "pass": true,
              "fail": false,
              "pending": false,
              "context": null,
              "code": "cy.log(\"Example test 1!\");",
              "err": {},
              "uuid": "ba2d6253-88d8-4077-a160-cbb2a9454ad8",
              "parentUUID": "1173c9c7-669b-4aa6-9dff-133c7c5e3dc7",
              "isHook": false,
              "skipped": false
            },
            {
              "title": "Example test2",
              "fullTitle": "Hooks Example test2",
              "timedOut": null,
              "duration": 18,
              "state": "passed",
              "speed": "fast",
              "pass": true,
              "fail": false,
              "pending": false,
              "context": null,
              "code": "cy.log(\"Example test 2!\");",
              "err": {},
              "uuid": "1702563c-f1bb-41bd-ac8c-f531cd6c66fa",
              "parentUUID": "1173c9c7-669b-4aa6-9dff-133c7c5e3dc7",
              "isHook": false,
              "skipped": false
            }
          ],
          "suites": [],
          "passes": [
            "ba2d6253-88d8-4077-a160-cbb2a9454ad8",
            "1702563c-f1bb-41bd-ac8c-f531cd6c66fa"
          ],
          "failures": [],
          "pending": [],
          "skipped": [],
          "duration": 58,
          "root": false,
          "rootEmpty": false,
          "_timeout": 2000
        }
      ],
      "passes": [],
      "failures": [],
      "pending": [],
      "skipped": [],
      "duration": 0,
      "root": true,
      "rootEmpty": true,
      "_timeout": 2000
    }
  ],
  "meta": {
    "mocha": {
      "version": "7.0.1"
    },
    "mochawesome": {
      "options": {
        "quiet": false,
        "reportFilename": "mochawesome",
        "saveHtml": false,
        "saveJson": true,
        "consoleReporter": "spec",
        "useInlineDiffs": false,
        "code": true
      },
      "version": "7.1.3"
    },
    "marge": {
      "options": {
        "id": "default",
        "reportDir": "cypress/results/mochawesome",
        "quite": true,
        "overwrite": false,
        "html": false,
        "json": true
      },
      "version": "6.2.0"
    }
  }
}