{
  "stats": {
    "suites": 1,
    "tests": 1,
    "passes": 1,
    "pending": 0,
    "failures": 0,
    "start": "2023-08-25T19:24:11.524Z",
    "end": "2023-08-25T19:24:19.667Z",
    "duration": 8143,
    "testsRegistered": 1,
    "passPercent": 100,
    "pendingPercent": 0,
    "other": 0,
    "hasOther": false,
    "skipped": 0,
    "hasSkipped": false
  },
  "results": [
    {
      "uuid": "2fdc0ece-e721-42e2-9e7e-5d71451b9fcb",
      "title": "",
      "fullFile": "cypress/e2e/automation-test-store/add-multiple-items-to-basket.js",
      "file": "cypress/e2e/automation-test-store/add-multiple-items-to-basket.js",
      "beforeHooks": [],
      "afterHooks": [],
      "tests": [],
      "suites": [
        {
          "uuid": "b798913c-4335-42c4-9593-dcd8113d30c9",
          "title": "Add multiple items to basket",
          "fullFile": "",
          "file": "",
          "beforeHooks": [],
          "afterHooks": [],
          "tests": [
            {
              "title": "Add specific product to basket-1",
              "fullTitle": "Add multiple items to basket Add specific product to basket-1",
              "timedOut": null,
              "duration": 6114,
              "state": "passed",
              "speed": "medium",
              "pass": true,
              "fail": false,
              "pending": false,
              "context": null,
              "code": "globalThis.data.productName.forEach(element => {\n  cy.addProductToBasket(element);\n});\ncy.get(\".dropdown-toggle > .fa\").click();",
              "err": {},
              "uuid": "9e2cded8-d56b-475a-80d1-dbc83d5c4b97",
              "parentUUID": "b798913c-4335-42c4-9593-dcd8113d30c9",
              "isHook": false,
              "skipped": false
            }
          ],
          "suites": [],
          "passes": [
            "9e2cded8-d56b-475a-80d1-dbc83d5c4b97"
          ],
          "failures": [],
          "pending": [],
          "skipped": [],
          "duration": 6114,
          "root": false,
          "rootEmpty": false,
          "_timeout": 2000
        }
      ],
      "passes": [],
      "failures": [],
      "pending": [],
      "skipped": [],
      "duration": 0,
      "root": true,
      "rootEmpty": true,
      "_timeout": 2000
    }
  ],
  "meta": {
    "mocha": {
      "version": "7.0.1"
    },
    "mochawesome": {
      "options": {
        "quiet": false,
        "reportFilename": "mochawesome",
        "saveHtml": false,
        "saveJson": true,
        "consoleReporter": "spec",
        "useInlineDiffs": false,
        "code": true
      },
      "version": "7.1.3"
    },
    "marge": {
      "options": {
        "id": "default",
        "reportDir": "cypress/results/mochawesome",
        "quite": true,
        "overwrite": false,
        "html": false,
        "json": true
      },
      "version": "6.2.0"
    }
  }
}