{
  "stats": {
    "suites": 1,
    "tests": 1,
    "passes": 1,
    "pending": 0,
    "failures": 0,
    "start": "2023-08-25T19:26:35.895Z",
    "end": "2023-08-25T19:26:37.498Z",
    "duration": 1603,
    "testsRegistered": 1,
    "passPercent": 100,
    "pendingPercent": 0,
    "other": 0,
    "hasOther": false,
    "skipped": 0,
    "hasSkipped": false
  },
  "results": [
    {
      "uuid": "f4aec6c3-bc22-4c64-80ba-2ad67c85d21d",
      "title": "",
      "fullFile": "cypress/e2e/webdriver-uni/mouse-actions.js",
      "file": "cypress/e2e/webdriver-uni/mouse-actions.js",
      "beforeHooks": [],
      "afterHooks": [],
      "tests": [],
      "suites": [
        {
          "uuid": "f16e49bd-c9b0-43f7-9ae8-8e4ede3bf31f",
          "title": "Test mouse Actions",
          "fullFile": "",
          "file": "",
          "beforeHooks": [],
          "afterHooks": [],
          "tests": [
            {
              "title": "I should be able to hold down the left mouse click button on a given element",
              "fullTitle": "Test mouse Actions I should be able to hold down the left mouse click button on a given element",
              "timedOut": null,
              "duration": 1595,
              "state": "passed",
              "speed": "fast",
              "pass": true,
              "fail": false,
              "pending": false,
              "context": null,
              "code": "cy.visit(\"https://webdriveruniversity.com/\");\ncy.get(\"#actions\").scrollIntoView().invoke(\"removeAttr\", \"target\").click();\ncy.get(\"#click-box\").trigger(\"mousedown\").then($element => {\n  expect($element.text()).to.equal(\"Well done! keep holding that click now.....\");\n  expect($element).to.have.css(\"background-color\", \"rgb(0, 255, 0)\");\n}).then($element => {\n  //1st WAY\n  $element.trigger(\"mouseup\");\n  expect($element.text()).to.equal(\"Dont release me!!!\");\n  //2nd WAY\n  // cy.get(\"#click-box\")\n  //   .trigger(\"mouseup\")\n  //   .should(\"have.text\", \"Dont release me!!!\");\n});",
              "err": {},
              "uuid": "68cf92c1-0f46-4c5b-9e07-1b8b5830f691",
              "parentUUID": "f16e49bd-c9b0-43f7-9ae8-8e4ede3bf31f",
              "isHook": false,
              "skipped": false
            }
          ],
          "suites": [],
          "passes": [
            "68cf92c1-0f46-4c5b-9e07-1b8b5830f691"
          ],
          "failures": [],
          "pending": [],
          "skipped": [],
          "duration": 1595,
          "root": false,
          "rootEmpty": false,
          "_timeout": 2000
        }
      ],
      "passes": [],
      "failures": [],
      "pending": [],
      "skipped": [],
      "duration": 0,
      "root": true,
      "rootEmpty": true,
      "_timeout": 2000
    }
  ],
  "meta": {
    "mocha": {
      "version": "7.0.1"
    },
    "mochawesome": {
      "options": {
        "quiet": false,
        "reportFilename": "mochawesome",
        "saveHtml": false,
        "saveJson": true,
        "consoleReporter": "spec",
        "useInlineDiffs": false,
        "code": true
      },
      "version": "7.1.3"
    },
    "marge": {
      "options": {
        "id": "default",
        "reportDir": "cypress/results/mochawesome",
        "quite": true,
        "overwrite": false,
        "html": false,
        "json": true
      },
      "version": "6.2.0"
    }
  }
}