{
  "stats": {
    "suites": 1,
    "tests": 2,
    "passes": 2,
    "pending": 0,
    "failures": 0,
    "start": "2023-08-25T19:25:25.867Z",
    "end": "2023-08-25T19:25:33.372Z",
    "duration": 7505,
    "testsRegistered": 2,
    "passPercent": 100,
    "pendingPercent": 0,
    "other": 0,
    "hasOther": false,
    "skipped": 0,
    "hasSkipped": false
  },
  "results": [
    {
      "uuid": "d91eb94a-ef6d-4df2-b62f-eb8ad3826923",
      "title": "",
      "fullFile": "cypress/e2e/automation-test-store/variables-cy-command.js",
      "file": "cypress/e2e/automation-test-store/variables-cy-command.js",
      "beforeHooks": [],
      "afterHooks": [],
      "tests": [],
      "suites": [
        {
          "uuid": "0950a1a2-29bf-44cf-a20d-6eafaf9e7404",
          "title": "Verifying variables, cypress commands and jquery commands",
          "fullFile": "",
          "file": "",
          "beforeHooks": [],
          "afterHooks": [],
          "tests": [
            {
              "title": "Navigating to specific product pages",
              "fullTitle": "Verifying variables, cypress commands and jquery commands Navigating to specific product pages",
              "timedOut": null,
              "duration": 4821,
              "state": "passed",
              "speed": "fast",
              "pass": true,
              "fail": false,
              "pending": false,
              "context": null,
              "code": "cy.visit(\"https://automationteststore.com/\");\nconst makeupLink = cy.get(\"a[href*='=product/category&path=']\").contains(\"Makeup\");\nconst skincareLink = cy.get(\"a[href*='=product/category&path=']\").contains(\"Skincare\");\nmakeupLink.click();\nskincareLink.click();\n// This Fails\n// makeupLink.click().then((elementName) => {\n//   console.log(elementName);\n// });",
              "err": {},
              "uuid": "144c9551-8242-4f4d-a08b-8eff7c026398",
              "parentUUID": "0950a1a2-29bf-44cf-a20d-6eafaf9e7404",
              "isHook": false,
              "skipped": false
            },
            {
              "title": "Validate page header",
              "fullTitle": "Verifying variables, cypress commands and jquery commands Validate page header",
              "timedOut": null,
              "duration": 1303,
              "state": "passed",
              "speed": "fast",
              "pass": true,
              "fail": false,
              "pending": false,
              "context": null,
              "code": "cy.visit(\"https://automationteststore.com/\");\ncy.get(\"a[href*='=product/category&path=']\").contains(\"Makeup\").click();\n// wrong implementation\n// const header = cy.get(\"h1 .maintext\");\n// cy.log(header);\n// header.then((headerName) => {\n//   cy.log(headerName);\n// });\ncy.get(\"h1 .maintext\").then($headerText => {\n  const headerText = $headerText.text();\n  cy.log(\"Found header Text: \" + headerText);\n  expect(headerText).is.eq(\"Makeup\");\n});",
              "err": {},
              "uuid": "a7dbb675-27f3-4192-bec1-57b9349e077f",
              "parentUUID": "0950a1a2-29bf-44cf-a20d-6eafaf9e7404",
              "isHook": false,
              "skipped": false
            }
          ],
          "suites": [],
          "passes": [
            "144c9551-8242-4f4d-a08b-8eff7c026398",
            "a7dbb675-27f3-4192-bec1-57b9349e077f"
          ],
          "failures": [],
          "pending": [],
          "skipped": [],
          "duration": 6124,
          "root": false,
          "rootEmpty": false,
          "_timeout": 2000
        }
      ],
      "passes": [],
      "failures": [],
      "pending": [],
      "skipped": [],
      "duration": 0,
      "root": true,
      "rootEmpty": true,
      "_timeout": 2000
    }
  ],
  "meta": {
    "mocha": {
      "version": "7.0.1"
    },
    "mochawesome": {
      "options": {
        "quiet": false,
        "reportFilename": "mochawesome",
        "saveHtml": false,
        "saveJson": true,
        "consoleReporter": "spec",
        "useInlineDiffs": false,
        "code": true
      },
      "version": "7.1.3"
    },
    "marge": {
      "options": {
        "id": "default",
        "reportDir": "cypress/results/mochawesome",
        "quite": true,
        "overwrite": false,
        "html": false,
        "json": true
      },
      "version": "6.2.0"
    }
  }
}