{
  "stats": {
    "suites": 1,
    "tests": 3,
    "passes": 3,
    "pending": 0,
    "failures": 0,
    "start": "2023-08-25T19:25:57.735Z",
    "end": "2023-08-25T19:26:00.767Z",
    "duration": 3032,
    "testsRegistered": 3,
    "passPercent": 100,
    "pendingPercent": 0,
    "other": 0,
    "hasOther": false,
    "skipped": 0,
    "hasSkipped": false
  },
  "results": [
    {
      "uuid": "0c483869-5c3e-47f1-8d75-7d464c2f7af8",
      "title": "",
      "fullFile": "cypress/e2e/webdriver-uni/checkboxes.js",
      "file": "cypress/e2e/webdriver-uni/checkboxes.js",
      "beforeHooks": [],
      "afterHooks": [],
      "tests": [],
      "suites": [
        {
          "uuid": "7ab7d302-3a02-4bdc-8ec6-ce86d279fe27",
          "title": "Verify checkboxes via webdriver uni",
          "fullFile": "",
          "file": "",
          "beforeHooks": [],
          "afterHooks": [],
          "tests": [
            {
              "title": "Check and validate checkboxes",
              "fullTitle": "Verify checkboxes via webdriver uni Check and validate checkboxes",
              "timedOut": null,
              "duration": 2002,
              "state": "passed",
              "speed": "fast",
              "pass": true,
              "fail": false,
              "pending": false,
              "context": null,
              "code": "// cy.get(\"#checkboxes > :nth-child(1) > input\").should(\"not.be.checked\");\n// cy.get(\"#checkboxes > :nth-child(1) > input\").check();\n// cy.get(\"#checkboxes > :nth-child(1) > input\").should(\"be.checked\");\n// improved versioin\ncy.get(\"#checkboxes > :nth-child(1) > input\").as(\"option-1\");\ncy.get(\"@option-1\").should(\"not.be.checked\");\ncy.get(\"@option-1\").check();\ncy.get(\"@option-1\").should(\"be.checked\");",
              "err": {},
              "uuid": "dcb75040-84f6-4d7d-898e-6a36b69e55d5",
              "parentUUID": "7ab7d302-3a02-4bdc-8ec6-ce86d279fe27",
              "isHook": false,
              "skipped": false
            },
            {
              "title": "Uncheck and validate checkboxes",
              "fullTitle": "Verify checkboxes via webdriver uni Uncheck and validate checkboxes",
              "timedOut": null,
              "duration": 460,
              "state": "passed",
              "speed": "fast",
              "pass": true,
              "fail": false,
              "pending": false,
              "context": null,
              "code": "// cy.get(\":nth-child(5) > input\").as(\"option-3\");\n// cy.get(\"@option-3\").should(\"be.checked\");\n// cy.get(\"@option-3\").uncheck();\n// cy.get(\"@option-3\").should(\"not.be.checked\");\n// short\ncy.get(\":nth-child(5) > input\").as(\"option-3\");\ncy.get(\"@option-3\").should(\"be.checked\").uncheck().should(\"not.be.checked\");",
              "err": {},
              "uuid": "7a671874-9088-4c9c-8764-8069c6e4f90b",
              "parentUUID": "7ab7d302-3a02-4bdc-8ec6-ce86d279fe27",
              "isHook": false,
              "skipped": false
            },
            {
              "title": "Check and validate multiple checkbox",
              "fullTitle": "Verify checkboxes via webdriver uni Check and validate multiple checkbox",
              "timedOut": null,
              "duration": 555,
              "state": "passed",
              "speed": "fast",
              "pass": true,
              "fail": false,
              "pending": false,
              "context": null,
              "code": "cy.get(\"input[type='checkbox']\").check([\"option-1\", \"option-2\", \"option-3\", \"option-4\"]).should(\"be.checked\");",
              "err": {},
              "uuid": "27c0e22a-374e-4373-971f-d38b3442b120",
              "parentUUID": "7ab7d302-3a02-4bdc-8ec6-ce86d279fe27",
              "isHook": false,
              "skipped": false
            }
          ],
          "suites": [],
          "passes": [
            "dcb75040-84f6-4d7d-898e-6a36b69e55d5",
            "7a671874-9088-4c9c-8764-8069c6e4f90b",
            "27c0e22a-374e-4373-971f-d38b3442b120"
          ],
          "failures": [],
          "pending": [],
          "skipped": [],
          "duration": 3017,
          "root": false,
          "rootEmpty": false,
          "_timeout": 2000
        }
      ],
      "passes": [],
      "failures": [],
      "pending": [],
      "skipped": [],
      "duration": 0,
      "root": true,
      "rootEmpty": true,
      "_timeout": 2000
    }
  ],
  "meta": {
    "mocha": {
      "version": "7.0.1"
    },
    "mochawesome": {
      "options": {
        "quiet": false,
        "reportFilename": "mochawesome",
        "saveHtml": false,
        "saveJson": true,
        "consoleReporter": "spec",
        "useInlineDiffs": false,
        "code": true
      },
      "version": "7.1.3"
    },
    "marge": {
      "options": {
        "id": "default",
        "reportDir": "cypress/results/mochawesome",
        "quite": true,
        "overwrite": false,
        "html": false,
        "json": true
      },
      "version": "6.2.0"
    }
  }
}