{
  "stats": {
    "suites": 1,
    "tests": 1,
    "passes": 1,
    "pending": 0,
    "failures": 0,
    "start": "2023-08-25T19:26:03.516Z",
    "end": "2023-08-25T19:26:06.662Z",
    "duration": 3146,
    "testsRegistered": 1,
    "passPercent": 100,
    "pendingPercent": 0,
    "other": 0,
    "hasOther": false,
    "skipped": 0,
    "hasSkipped": false
  },
  "results": [
    {
      "uuid": "c971f173-7d2c-4d1d-880a-7f8ad2b344c9",
      "title": "",
      "fullFile": "cypress/e2e/webdriver-uni/contact-us.js",
      "file": "cypress/e2e/webdriver-uni/contact-us.js",
      "beforeHooks": [],
      "afterHooks": [],
      "tests": [],
      "suites": [
        {
          "uuid": "3cc4ced5-b3b1-4d5c-b27b-f77e8fa4d446",
          "title": "Test Contact Us Form via WebdriverUni",
          "fullFile": "",
          "file": "",
          "beforeHooks": [],
          "afterHooks": [],
          "tests": [
            {
              "title": "Negative viewport test",
              "fullTitle": "Test Contact Us Form via WebdriverUni Negative viewport test",
              "timedOut": null,
              "duration": 3135,
              "state": "passed",
              "speed": "fast",
              "pass": true,
              "fail": false,
              "pending": false,
              "context": null,
              "code": "// cypress code\ncy.negativeViewportTest();\ncy.title().should(\"include\", \"WebDriver | Contact Us\");\ncy.url().should(\"include\", \"contactus\");\ncy.webdriveruni_ContactForm_Submission(Cypress.env(\"first_name\"), data.last_name, data.email, \"always learning\", \"h1\", \"Thank You for your Message!\");",
              "err": {},
              "uuid": "8a003b2b-e913-432c-aaee-ca0b7d5660ad",
              "parentUUID": "3cc4ced5-b3b1-4d5c-b27b-f77e8fa4d446",
              "isHook": false,
              "skipped": false
            }
          ],
          "suites": [],
          "passes": [
            "8a003b2b-e913-432c-aaee-ca0b7d5660ad"
          ],
          "failures": [],
          "pending": [],
          "skipped": [],
          "duration": 3135,
          "root": false,
          "rootEmpty": false,
          "_timeout": 2000
        }
      ],
      "passes": [],
      "failures": [],
      "pending": [],
      "skipped": [],
      "duration": 0,
      "root": true,
      "rootEmpty": true,
      "_timeout": 2000
    }
  ],
  "meta": {
    "mocha": {
      "version": "7.0.1"
    },
    "mochawesome": {
      "options": {
        "quiet": false,
        "reportFilename": "mochawesome",
        "saveHtml": false,
        "saveJson": true,
        "consoleReporter": "spec",
        "useInlineDiffs": false,
        "code": true
      },
      "version": "7.1.3"
    },
    "marge": {
      "options": {
        "id": "default",
        "reportDir": "cypress/results/mochawesome",
        "quite": true,
        "overwrite": false,
        "html": false,
        "json": true
      },
      "version": "6.2.0"
    }
  }
}