{
  "stats": {
    "suites": 1,
    "tests": 1,
    "passes": 1,
    "pending": 0,
    "failures": 0,
    "start": "2023-08-25T19:24:51.986Z",
    "end": "2023-08-25T19:24:58.853Z",
    "duration": 6867,
    "testsRegistered": 1,
    "passPercent": 100,
    "pendingPercent": 0,
    "other": 0,
    "hasOther": false,
    "skipped": 0,
    "hasSkipped": false
  },
  "results": [
    {
      "uuid": "f8aa102d-0e5a-4c1f-ba77-7dd4a93ee913",
      "title": "",
      "fullFile": "cypress/e2e/automation-test-store/inspect.js",
      "file": "cypress/e2e/automation-test-store/inspect.js",
      "beforeHooks": [],
      "afterHooks": [],
      "tests": [],
      "suites": [
        {
          "uuid": "61dcf93b-0427-4397-80dd-4dc39edc2ab6",
          "title": "Inspect Automation Test Store Items using Chain of Commands",
          "fullFile": "",
          "file": "",
          "beforeHooks": [],
          "afterHooks": [],
          "tests": [
            {
              "title": "Click on the first item using selector and eq only",
              "fullTitle": "Inspect Automation Test Store Items using Chain of Commands Click on the first item using selector and eq only",
              "timedOut": null,
              "duration": 5186,
              "state": "passed",
              "speed": "medium",
              "pass": true,
              "fail": false,
              "pending": false,
              "context": null,
              "code": "cy.visit(\"https://automationteststore.com/\");\ncy.get(\".prdocutname\").eq(0).click();",
              "err": {},
              "uuid": "2f210e28-13cb-42bb-9f59-e237c9cf9b5d",
              "parentUUID": "61dcf93b-0427-4397-80dd-4dc39edc2ab6",
              "isHook": false,
              "skipped": false
            }
          ],
          "suites": [],
          "passes": [
            "2f210e28-13cb-42bb-9f59-e237c9cf9b5d"
          ],
          "failures": [],
          "pending": [],
          "skipped": [],
          "duration": 5186,
          "root": false,
          "rootEmpty": false,
          "_timeout": 2000
        }
      ],
      "passes": [],
      "failures": [],
      "pending": [],
      "skipped": [],
      "duration": 0,
      "root": true,
      "rootEmpty": true,
      "_timeout": 2000
    }
  ],
  "meta": {
    "mocha": {
      "version": "7.0.1"
    },
    "mochawesome": {
      "options": {
        "quiet": false,
        "reportFilename": "mochawesome",
        "saveHtml": false,
        "saveJson": true,
        "consoleReporter": "spec",
        "useInlineDiffs": false,
        "code": true
      },
      "version": "7.1.3"
    },
    "marge": {
      "options": {
        "id": "default",
        "reportDir": "cypress/results/mochawesome",
        "quite": true,
        "overwrite": false,
        "html": false,
        "json": true
      },
      "version": "6.2.0"
    }
  }
}