{
  "stats": {
    "suites": 1,
    "tests": 2,
    "passes": 2,
    "pending": 0,
    "failures": 0,
    "start": "2023-08-25T19:24:39.638Z",
    "end": "2023-08-25T19:24:48.569Z",
    "duration": 8931,
    "testsRegistered": 2,
    "passPercent": 100,
    "pendingPercent": 0,
    "other": 0,
    "hasOther": false,
    "skipped": 0,
    "hasSkipped": false
  },
  "results": [
    {
      "uuid": "3430e8d0-4128-47dd-9df6-dc49595a1d91",
      "title": "",
      "fullFile": "cypress/e2e/automation-test-store/contact-us.js",
      "file": "cypress/e2e/automation-test-store/contact-us.js",
      "beforeHooks": [],
      "afterHooks": [],
      "tests": [],
      "suites": [
        {
          "uuid": "65065e3b-cdd3-4f95-bc45-717edd65cb79",
          "title": "Test Contact Us Form via Automation Test Store",
          "fullFile": "",
          "file": "",
          "beforeHooks": [],
          "afterHooks": [],
          "tests": [
            {
              "title": "Should be able to submit a successful submission via contact us form",
              "fullTitle": "Test Contact Us Form via Automation Test Store Should be able to submit a successful submission via contact us form",
              "timedOut": null,
              "duration": 5911,
              "state": "passed",
              "speed": "medium",
              "pass": true,
              "fail": false,
              "pending": false,
              "context": null,
              "code": "// cypress code\ncy.visit(\"https://automationteststore.com/\");\n// cy.get(\".info_links_footer > :nth-child(5) > a\").click();\n// cy.xpath(\"//a[contains(@href,'contact')]\").click();\ncy.get(\"a[href$='contact'\").click().then(linkText => {\n  // console.log(\"This is the Name of the button is: \" + linkText.text());\n  cy.log(\"Clicked on link using text: \" + linkText.text());\n});\ncy.get(\"@user\").then(user => {\n  cy.get(\"#ContactUsFrm_first_name\").type(user.first_name);\n  cy.get(\"#ContactUsFrm_email\").type(user.email);\n});\ncy.get(\"#ContactUsFrm_email\").should(\"have.attr\", \"name\", \"email\");\ncy.get(\"#ContactUsFrm_enquiry\").type(\"Do you provide additional discount on bulk orders?\");\ncy.get(\"button[title='Submit']\").click();\ncy.get(\".mb40 > :nth-child(3)\").should(\"have.text\", \"Your enquiry has been successfully sent to the store owner!\");",
              "err": {},
              "uuid": "0e0092bb-cf7d-46df-865d-043b7f575174",
              "parentUUID": "65065e3b-cdd3-4f95-bc45-717edd65cb79",
              "isHook": false,
              "skipped": false
            },
            {
              "title": "redoing assignment",
              "fullTitle": "Test Contact Us Form via Automation Test Store redoing assignment",
              "timedOut": null,
              "duration": 1345,
              "state": "passed",
              "speed": "fast",
              "pass": true,
              "fail": false,
              "pending": false,
              "context": null,
              "code": "cy.visit(\"https://automationteststore.com/\");\ncy.get(\"a[href$='contact'\").click().then($linkText => {\n  cy.log(\"this is the link's text: \" + $linkText.text());\n});",
              "err": {},
              "uuid": "909a07d8-a41f-4347-ae3c-3d13d060829c",
              "parentUUID": "65065e3b-cdd3-4f95-bc45-717edd65cb79",
              "isHook": false,
              "skipped": false
            }
          ],
          "suites": [],
          "passes": [
            "0e0092bb-cf7d-46df-865d-043b7f575174",
            "909a07d8-a41f-4347-ae3c-3d13d060829c"
          ],
          "failures": [],
          "pending": [],
          "skipped": [],
          "duration": 7256,
          "root": false,
          "rootEmpty": false,
          "_timeout": 2000
        }
      ],
      "passes": [],
      "failures": [],
      "pending": [],
      "skipped": [],
      "duration": 0,
      "root": true,
      "rootEmpty": true,
      "_timeout": 2000
    }
  ],
  "meta": {
    "mocha": {
      "version": "7.0.1"
    },
    "mochawesome": {
      "options": {
        "quiet": false,
        "reportFilename": "mochawesome",
        "saveHtml": false,
        "saveJson": true,
        "consoleReporter": "spec",
        "useInlineDiffs": false,
        "code": true
      },
      "version": "7.1.3"
    },
    "marge": {
      "options": {
        "id": "default",
        "reportDir": "cypress/results/mochawesome",
        "quite": true,
        "overwrite": false,
        "html": false,
        "json": true
      },
      "version": "6.2.0"
    }
  }
}