{
  "stats": {
    "suites": 1,
    "tests": 1,
    "passes": 1,
    "pending": 0,
    "failures": 0,
    "start": "2023-08-25T19:24:23.009Z",
    "end": "2023-08-25T19:24:29.067Z",
    "duration": 6058,
    "testsRegistered": 1,
    "passPercent": 100,
    "pendingPercent": 0,
    "other": 0,
    "hasOther": false,
    "skipped": 0,
    "hasSkipped": false
  },
  "results": [
    {
      "uuid": "27328307-062b-439e-b7ca-48223455507c",
      "title": "",
      "fullFile": "cypress/e2e/automation-test-store/alias-invoke-assignment.js",
      "file": "cypress/e2e/automation-test-store/alias-invoke-assignment.js",
      "beforeHooks": [],
      "afterHooks": [],
      "tests": [],
      "suites": [
        {
          "uuid": "64a3054d-6b47-4adf-b99e-bda46fcc631c",
          "title": "Alias and invoke",
          "fullFile": "",
          "file": "",
          "beforeHooks": [],
          "afterHooks": [],
          "tests": [
            {
              "title": "Calculate the total of normal and sale products)",
              "fullTitle": "Alias and invoke Calculate the total of normal and sale products)",
              "timedOut": null,
              "duration": 3966,
              "state": "passed",
              "speed": "fast",
              "pass": true,
              "fail": false,
              "pending": false,
              "context": null,
              "code": "cy.visit(\"https://automationteststore.com/\");\ncy.get(\".thumbnails .thumbnail\").as(\"productthumbnail\");\n// cy.get(\"@productthumbnail\")\n//   .find(\".oneprice\")\n//   .each(($el, index, $list) => {\n//     cy.log($el.text());\n//   });\ncy.get(\"@productthumbnail\").find(\".oneprice\").invoke(\"text\").as(\"itemPrice\");\ncy.get(\"@productthumbnail\").find(\".pricenew\").invoke(\"text\").as(\"salePrice\");\nvar itemsTotal = 0;\ncy.get(\"@salePrice\").then($linkText => {\n  var salePriceArray = $linkText.split(\"$\");\n  var salePriceTotal = 0;\n  for (var i = 0; i < salePriceArray.length; i++) {\n    salePriceTotal += Number(salePriceArray[i]);\n  }\n  itemsTotal += salePriceTotal;\n  cy.log(\"Sales Price Total: \" + salePriceTotal);\n});\ncy.get(\"@itemPrice\").then($linkText => {\n  var itemPriceArray = $linkText.split(\"$\");\n  var i;\n  var itemPriceTotal = 0;\n  for (i = 0; i < itemPriceArray.length; i++) {\n    itemPriceTotal += Number(itemPriceArray[i]);\n  }\n  itemsTotal += itemPriceTotal;\n  cy.log(\"Non-sales item Price Total: \" + itemPriceTotal);\n}).then(() => {\n  cy.log(\"Total Price of all products is : \" + itemsTotal);\n  expect(itemsTotal).to.equal(660.5);\n});",
              "err": {},
              "uuid": "15a051d0-0aeb-4efe-8de6-f9a0cead6641",
              "parentUUID": "64a3054d-6b47-4adf-b99e-bda46fcc631c",
              "isHook": false,
              "skipped": false
            }
          ],
          "suites": [],
          "passes": [
            "15a051d0-0aeb-4efe-8de6-f9a0cead6641"
          ],
          "failures": [],
          "pending": [],
          "skipped": [],
          "duration": 3966,
          "root": false,
          "rootEmpty": false,
          "_timeout": 2000
        }
      ],
      "passes": [],
      "failures": [],
      "pending": [],
      "skipped": [],
      "duration": 0,
      "root": true,
      "rootEmpty": true,
      "_timeout": 2000
    }
  ],
  "meta": {
    "mocha": {
      "version": "7.0.1"
    },
    "mochawesome": {
      "options": {
        "quiet": false,
        "reportFilename": "mochawesome",
        "saveHtml": false,
        "saveJson": true,
        "consoleReporter": "spec",
        "useInlineDiffs": false,
        "code": true
      },
      "version": "7.1.3"
    },
    "marge": {
      "options": {
        "id": "default",
        "reportDir": "cypress/results/mochawesome",
        "quite": true,
        "overwrite": false,
        "html": false,
        "json": true
      },
      "version": "6.2.0"
    }
  }
}